[Error - 6:12:58 AM] Failed to load entities from /home/mihir_patnaik/node_modules/postcss/package.json: Error: ENOENT: no such file or directory, open '/home/mihir_patnaik/node_modules/postcss/package.json'
[Error - 6:12:58 AM] Failed to load entities from /home/mihir_patnaik/node_modules/@babel/types/package.json: Error: ENOENT: no such file or directory, open '/home/mihir_patnaik/node_modules/@babel/types/package.json'
[Error - 6:12:58 AM] Failed to load entities from /home/mihir_patnaik/node_modules/@babel/generator/package.json: Error: ENOENT: no such file or directory, open '/home/mihir_patnaik/node_modules/@babel/generator/package.json'
[Error - 6:12:58 AM] Failed to load entities from /home/mihir_patnaik/node_modules/@babel/template/package.json: Error: ENOENT: no such file or directory, open '/home/mihir_patnaik/node_modules/@babel/template/package.json'
[Error - 6:12:58 AM] Failed to load entities from /home/mihir_patnaik/node_modules/@babel/core/package.json: Error: ENOENT: no such file or directory, open '/home/mihir_patnaik/node_modules/@babel/core/package.json'
[Error - 6:12:58 AM] Failed to load entities from /home/mihir_patnaik/node_modules/@babel/traverse/package.json: Error: ENOENT: no such file or directory, open '/home/mihir_patnaik/node_modules/@babel/traverse/package.json'
[Error - 6:12:58 AM] Failed to load entities from /home/mihir_patnaik/node_modules/@babel/parser/package.json: Error: ENOENT: no such file or directory, open '/home/mihir_patnaik/node_modules/@babel/parser/package.json'
[Error - 6:12:58 AM] Failed to load entities from /home/mihir_patnaik/node_modules/rollup/package.json: Error: ENOENT: no such file or directory, open '/home/mihir_patnaik/node_modules/rollup/package.json'
[Error - 6:12:58 AM] Failed to load entities from /home/mihir_patnaik/node_modules/lucide-react/package.json: Error: ENOENT: no such file or directory, open '/home/mihir_patnaik/node_modules/lucide-react/package.json'
[Error - 6:12:58 AM] Failed to load entities from /home/mihir_patnaik/node_modules/motion-utils/package.json: Error: ENOENT: no such file or directory, open '/home/mihir_patnaik/node_modules/motion-utils/package.json'
[Error - 6:12:58 AM] Failed to load entities from /home/mihir_patnaik/node_modules/csstype/package.json: Error: ENOENT: no such file or directory, open '/home/mihir_patnaik/node_modules/csstype/package.json'
[Error - 6:12:58 AM] Failed to load entities from /home/mihir_patnaik/node_modules/browserslist/package.json: Error: ENOENT: no such file or directory, open '/home/mihir_patnaik/node_modules/browserslist/package.json'
[Error - 6:12:58 AM] Failed to load entities from /home/mihir_patnaik/node_modules/tailwindcss/package.json: Error: ENOENT: no such file or directory, open '/home/mihir_patnaik/node_modules/tailwindcss/package.json'
[Error - 6:12:58 AM] Failed to load entities from /home/mihir_patnaik/node_modules/vite/package.json: Error: ENOENT: no such file or directory, open '/home/mihir_patnaik/node_modules/vite/package.json'
[Error - 6:12:58 AM] Failed to load entities from /home/mihir_patnaik/node_modules/vite/types/package.json: Error: ENOENT: no such file or directory, open '/home/mihir_patnaik/node_modules/vite/types/package.json'
[Error - 6:12:58 AM] Failed to load entities from /home/mihir_patnaik/node_modules/react-router-dom/package.json: Error: ENOENT: no such file or directory, open '/home/mihir_patnaik/node_modules/react-router-dom/package.json'
[Error - 6:12:58 AM] Failed to load entities from /home/mihir_patnaik/node_modules/source-map-js/package.json: Error: ENOENT: no such file or directory, open '/home/mihir_patnaik/node_modules/source-map-js/package.json'
[Error - 6:12:58 AM] Failed to load entities from /home/mihir_patnaik/node_modules/@remix-run/router/package.json: Error: ENOENT: no such file or directory, open '/home/mihir_patnaik/node_modules/@remix-run/router/package.json'
[Error - 6:12:58 AM] Failed to load entities from /home/mihir_patnaik/node_modules/@types/babel__template/package.json: Error: ENOENT: no such file or directory, open '/home/mihir_patnaik/node_modules/@types/babel__template/package.json'
[Error - 6:12:58 AM] Failed to load entities from /home/mihir_patnaik/node_modules/@types/babel__traverse/package.json: Error: ENOENT: no such file or directory, open '/home/mihir_patnaik/node_modules/@types/babel__traverse/package.json'
[Error - 6:12:58 AM] Failed to load entities from /home/mihir_patnaik/node_modules/@types/babel__core/package.json: Error: ENOENT: no such file or directory, open '/home/mihir_patnaik/node_modules/@types/babel__core/package.json'
[Error - 6:12:58 AM] Failed to load entities from /home/mihir_patnaik/node_modules/@types/prop-types/package.json: Error: ENOENT: no such file or directory, open '/home/mihir_patnaik/node_modules/@types/prop-types/package.json'
[Error - 6:12:58 AM] Failed to load entities from /home/mihir_patnaik/node_modules/@types/react/package.json: Error: ENOENT: no such file or directory, open '/home/mihir_patnaik/node_modules/@types/react/package.json'
[Error - 6:12:58 AM] Failed to load entities from /home/mihir_patnaik/node_modules/@types/react-dom/package.json: Error: ENOENT: no such file or directory, open '/home/mihir_patnaik/node_modules/@types/react-dom/package.json'
[Error - 6:12:58 AM] Failed to load entities from /home/mihir_patnaik/node_modules/@types/babel__generator/package.json: Error: ENOENT: no such file or directory, open '/home/mihir_patnaik/node_modules/@types/babel__generator/package.json'
[Error - 6:12:58 AM] Failed to load entities from /home/mihir_patnaik/node_modules/@types/estree/package.json: Error: ENOENT: no such file or directory, open '/home/mihir_patnaik/node_modules/@types/estree/package.json'
[Error - 6:12:58 AM] Failed to load entities from /home/mihir_patnaik/node_modules/framer-motion/package.json: Error: ENOENT: no such file or directory, open '/home/mihir_patnaik/node_modules/framer-motion/package.json'
[Error - 6:12:58 AM] Failed to load entities from /home/mihir_patnaik/node_modules/@vitejs/plugin-react/package.json: Error: ENOENT: no such file or directory, open '/home/mihir_patnaik/node_modules/@vitejs/plugin-react/package.json'
[Error - 6:12:58 AM] Failed to load entities from /home/mihir_patnaik/node_modules/react/package.json: Error: ENOENT: no such file or directory, open '/home/mihir_patnaik/node_modules/react/package.json'
[Error - 6:12:58 AM] Failed to load entities from /home/mihir_patnaik/node_modules/esbuild/package.json: Error: ENOENT: no such file or directory, open '/home/mihir_patnaik/node_modules/esbuild/package.json'
[Error - 6:12:58 AM] Failed to load entities from /home/mihir_patnaik/node_modules/react-router/package.json: Error: ENOENT: no such file or directory, open '/home/mihir_patnaik/node_modules/react-router/package.json'
[Error - 6:12:58 AM] Failed to load entities from /home/mihir_patnaik/node_modules/react-dom/package.json: Error: ENOENT: no such file or directory, open '/home/mihir_patnaik/node_modules/react-dom/package.json'
[Error - 6:12:58 AM] Failed to load entities from /home/mihir_patnaik/node_modules/typescript/package.json: Error: ENOENT: no such file or directory, open '/home/mihir_patnaik/node_modules/typescript/package.json'
[Error - 6:12:58 AM] Failed to load entities from /home/mihir_patnaik/node_modules/autoprefixer/package.json: Error: ENOENT: no such file or directory, open '/home/mihir_patnaik/node_modules/autoprefixer/package.json'
[Error - 6:12:58 AM] Failed to load entities from /home/mihir_patnaik/node_modules/motion-dom/package.json: Error: ENOENT: no such file or directory, open '/home/mihir_patnaik/node_modules/motion-dom/package.json'
[Error - 6:49:01 AM] Failed to load entities from /home/mihir_patnaik/node_modules/postcss/package.json: Error: ENOENT: no such file or directory, open '/home/mihir_patnaik/node_modules/postcss/package.json'
[Error - 6:49:01 AM] Failed to load entities from /home/mihir_patnaik/node_modules/yaml/package.json: Error: ENOENT: no such file or directory, open '/home/mihir_patnaik/node_modules/yaml/package.json'
[Error - 6:49:01 AM] Failed to load entities from /home/mihir_patnaik/node_modules/@babel/types/package.json: Error: ENOENT: no such file or directory, open '/home/mihir_patnaik/node_modules/@babel/types/package.json'
[Error - 6:49:01 AM] Failed to load entities from /home/mihir_patnaik/node_modules/@babel/generator/package.json: Error: ENOENT: no such file or directory, open '/home/mihir_patnaik/node_modules/@babel/generator/package.json'
[Error - 6:49:01 AM] Failed to load entities from /home/mihir_patnaik/node_modules/@babel/template/package.json: Error: ENOENT: no such file or directory, open '/home/mihir_patnaik/node_modules/@babel/template/package.json'
[Error - 6:49:01 AM] Failed to load entities from /home/mihir_patnaik/node_modules/@babel/core/package.json: Error: ENOENT: no such file or directory, open '/home/mihir_patnaik/node_modules/@babel/core/package.json'
[Error - 6:49:01 AM] Failed to load entities from /home/mihir_patnaik/node_modules/@babel/traverse/package.json: Error: ENOENT: no such file or directory, open '/home/mihir_patnaik/node_modules/@babel/traverse/package.json'
[Error - 6:49:01 AM] Failed to load entities from /home/mihir_patnaik/node_modules/@babel/parser/package.json: Error: ENOENT: no such file or directory, open '/home/mihir_patnaik/node_modules/@babel/parser/package.json'
[Error - 6:49:01 AM] Failed to load entities from /home/mihir_patnaik/node_modules/rollup/package.json: Error: ENOENT: no such file or directory, open '/home/mihir_patnaik/node_modules/rollup/package.json'
[Error - 6:49:01 AM] Failed to load entities from /home/mihir_patnaik/node_modules/lucide-react/package.json: Error: ENOENT: no such file or directory, open '/home/mihir_patnaik/node_modules/lucide-react/package.json'
[Error - 6:49:01 AM] Failed to load entities from /home/mihir_patnaik/node_modules/motion-utils/package.json: Error: ENOENT: no such file or directory, open '/home/mihir_patnaik/node_modules/motion-utils/package.json'
[Error - 6:49:01 AM] Failed to load entities from /home/mihir_patnaik/node_modules/csstype/package.json: Error: ENOENT: no such file or directory, open '/home/mihir_patnaik/node_modules/csstype/package.json'
[Error - 6:49:01 AM] Failed to load entities from /home/mihir_patnaik/node_modules/jiti/package.json: Error: ENOENT: no such file or directory, open '/home/mihir_patnaik/node_modules/jiti/package.json'
[Error - 6:49:01 AM] Failed to load entities from /home/mihir_patnaik/node_modules/browserslist/package.json: Error: ENOENT: no such file or directory, open '/home/mihir_patnaik/node_modules/browserslist/package.json'
[Error - 6:49:01 AM] Failed to load entities from /home/mihir_patnaik/node_modules/tailwindcss/package.json: Error: ENOENT: no such file or directory, open '/home/mihir_patnaik/node_modules/tailwindcss/package.json'
[Error - 6:49:01 AM] Failed to load entities from /home/mihir_patnaik/node_modules/vite/package.json: Error: ENOENT: no such file or directory, open '/home/mihir_patnaik/node_modules/vite/package.json'
[Error - 6:49:01 AM] Failed to load entities from /home/mihir_patnaik/node_modules/vite/types/package.json: Error: ENOENT: no such file or directory, open '/home/mihir_patnaik/node_modules/vite/types/package.json'
[Error - 6:49:01 AM] Failed to load entities from /home/mihir_patnaik/node_modules/react-router-dom/package.json: Error: ENOENT: no such file or directory, open '/home/mihir_patnaik/node_modules/react-router-dom/package.json'
[Error - 6:49:01 AM] Failed to load entities from /home/mihir_patnaik/node_modules/source-map-js/package.json: Error: ENOENT: no such file or directory, open '/home/mihir_patnaik/node_modules/source-map-js/package.json'
[Error - 6:49:01 AM] Failed to load entities from /home/mihir_patnaik/node_modules/@remix-run/router/package.json: Error: ENOENT: no such file or directory, open '/home/mihir_patnaik/node_modules/@remix-run/router/package.json'
[Error - 6:49:01 AM] Failed to load entities from /home/mihir_patnaik/node_modules/@types/babel__template/package.json: Error: ENOENT: no such file or directory, open '/home/mihir_patnaik/node_modules/@types/babel__template/package.json'
[Error - 6:49:01 AM] Failed to load entities from /home/mihir_patnaik/node_modules/@types/babel__traverse/package.json: Error: ENOENT: no such file or directory, open '/home/mihir_patnaik/node_modules/@types/babel__traverse/package.json'
[Error - 6:49:01 AM] Failed to load entities from /home/mihir_patnaik/node_modules/@types/babel__core/package.json: Error: ENOENT: no such file or directory, open '/home/mihir_patnaik/node_modules/@types/babel__core/package.json'
[Error - 6:49:01 AM] Failed to load entities from /home/mihir_patnaik/node_modules/@types/prop-types/package.json: Error: ENOENT: no such file or directory, open '/home/mihir_patnaik/node_modules/@types/prop-types/package.json'
[Error - 6:49:01 AM] Failed to load entities from /home/mihir_patnaik/node_modules/@types/react/package.json: Error: ENOENT: no such file or directory, open '/home/mihir_patnaik/node_modules/@types/react/package.json'
[Error - 6:49:01 AM] Failed to load entities from /home/mihir_patnaik/node_modules/@types/react-dom/package.json: Error: ENOENT: no such file or directory, open '/home/mihir_patnaik/node_modules/@types/react-dom/package.json'
[Error - 6:49:01 AM] Failed to load entities from /home/mihir_patnaik/node_modules/@types/babel__generator/package.json: Error: ENOENT: no such file or directory, open '/home/mihir_patnaik/node_modules/@types/babel__generator/package.json'
[Error - 6:49:01 AM] Failed to load entities from /home/mihir_patnaik/node_modules/@types/estree/package.json: Error: ENOENT: no such file or directory, open '/home/mihir_patnaik/node_modules/@types/estree/package.json'
[Error - 6:49:01 AM] Failed to load entities from /home/mihir_patnaik/node_modules/framer-motion/package.json: Error: ENOENT: no such file or directory, open '/home/mihir_patnaik/node_modules/framer-motion/package.json'
[Error - 6:49:01 AM] Failed to load entities from /home/mihir_patnaik/node_modules/@vitejs/plugin-react/package.json: Error: ENOENT: no such file or directory, open '/home/mihir_patnaik/node_modules/@vitejs/plugin-react/package.json'
[Error - 6:49:01 AM] Failed to load entities from /home/mihir_patnaik/node_modules/react/package.json: Error: ENOENT: no such file or directory, open '/home/mihir_patnaik/node_modules/react/package.json'
[Error - 6:49:01 AM] Failed to load entities from /home/mihir_patnaik/node_modules/esbuild/package.json: Error: ENOENT: no such file or directory, open '/home/mihir_patnaik/node_modules/esbuild/package.json'
[Error - 6:49:01 AM] Failed to load entities from /home/mihir_patnaik/node_modules/react-router/package.json: Error: ENOENT: no such file or directory, open '/home/mihir_patnaik/node_modules/react-router/package.json'
[Error - 6:49:01 AM] Failed to load entities from /home/mihir_patnaik/node_modules/react-dom/package.json: Error: ENOENT: no such file or directory, open '/home/mihir_patnaik/node_modules/react-dom/package.json'
[Error - 6:49:01 AM] Failed to load entities from /home/mihir_patnaik/node_modules/typescript/package.json: Error: ENOENT: no such file or directory, open '/home/mihir_patnaik/node_modules/typescript/package.json'
[Error - 6:49:01 AM] Failed to load entities from /home/mihir_patnaik/node_modules/autoprefixer/package.json: Error: ENOENT: no such file or directory, open '/home/mihir_patnaik/node_modules/autoprefixer/package.json'
[Error - 6:49:01 AM] Failed to load entities from /home/mihir_patnaik/node_modules/motion-dom/package.json: Error: ENOENT: no such file or directory, open '/home/mihir_patnaik/node_modules/motion-dom/package.json'
[Error - 7:11:13 AM] Failed to load entities from /home/mihir_patnaik/node_modules/postcss/package.json: Error: ENOENT: no such file or directory, open '/home/mihir_patnaik/node_modules/postcss/package.json'
[Error - 7:11:13 AM] Failed to load entities from /home/mihir_patnaik/node_modules/@babel/types/package.json: Error: ENOENT: no such file or directory, open '/home/mihir_patnaik/node_modules/@babel/types/package.json'
[Error - 7:11:13 AM] Failed to load entities from /home/mihir_patnaik/node_modules/@babel/generator/package.json: Error: ENOENT: no such file or directory, open '/home/mihir_patnaik/node_modules/@babel/generator/package.json'
[Error - 7:11:13 AM] Failed to load entities from /home/mihir_patnaik/node_modules/@babel/template/package.json: Error: ENOENT: no such file or directory, open '/home/mihir_patnaik/node_modules/@babel/template/package.json'
[Error - 7:11:13 AM] Failed to load entities from /home/mihir_patnaik/node_modules/@babel/core/package.json: Error: ENOENT: no such file or directory, open '/home/mihir_patnaik/node_modules/@babel/core/package.json'
[Error - 7:11:13 AM] Failed to load entities from /home/mihir_patnaik/node_modules/@babel/traverse/package.json: Error: ENOENT: no such file or directory, open '/home/mihir_patnaik/node_modules/@babel/traverse/package.json'
[Error - 7:11:13 AM] Failed to load entities from /home/mihir_patnaik/node_modules/@babel/parser/package.json: Error: ENOENT: no such file or directory, open '/home/mihir_patnaik/node_modules/@babel/parser/package.json'
[Error - 7:11:13 AM] Failed to load entities from /home/mihir_patnaik/node_modules/rollup/package.json: Error: ENOENT: no such file or directory, open '/home/mihir_patnaik/node_modules/rollup/package.json'
[Error - 7:11:13 AM] Failed to load entities from /home/mihir_patnaik/node_modules/lucide-react/package.json: Error: ENOENT: no such file or directory, open '/home/mihir_patnaik/node_modules/lucide-react/package.json'
[Error - 7:11:13 AM] Failed to load entities from /home/mihir_patnaik/node_modules/motion-utils/package.json: Error: ENOENT: no such file or directory, open '/home/mihir_patnaik/node_modules/motion-utils/package.json'
[Error - 7:11:13 AM] Failed to load entities from /home/mihir_patnaik/node_modules/csstype/package.json: Error: ENOENT: no such file or directory, open '/home/mihir_patnaik/node_modules/csstype/package.json'
[Error - 7:11:13 AM] Failed to load entities from /home/mihir_patnaik/node_modules/browserslist/package.json: Error: ENOENT: no such file or directory, open '/home/mihir_patnaik/node_modules/browserslist/package.json'
[Error - 7:11:13 AM] Failed to load entities from /home/mihir_patnaik/node_modules/tailwindcss/package.json: Error: ENOENT: no such file or directory, open '/home/mihir_patnaik/node_modules/tailwindcss/package.json'
[Error - 7:11:13 AM] Failed to load entities from /home/mihir_patnaik/node_modules/vite/package.json: Error: ENOENT: no such file or directory, open '/home/mihir_patnaik/node_modules/vite/package.json'
[Error - 7:11:13 AM] Failed to load entities from /home/mihir_patnaik/node_modules/vite/types/package.json: Error: ENOENT: no such file or directory, open '/home/mihir_patnaik/node_modules/vite/types/package.json'
[Error - 7:11:13 AM] Failed to load entities from /home/mihir_patnaik/node_modules/react-router-dom/package.json: Error: ENOENT: no such file or directory, open '/home/mihir_patnaik/node_modules/react-router-dom/package.json'
[Error - 7:11:13 AM] Failed to load entities from /home/mihir_patnaik/node_modules/@remix-run/router/package.json: Error: ENOENT: no such file or directory, open '/home/mihir_patnaik/node_modules/@remix-run/router/package.json'
[Error - 7:11:13 AM] Failed to load entities from /home/mihir_patnaik/node_modules/@types/babel__template/package.json: Error: ENOENT: no such file or directory, open '/home/mihir_patnaik/node_modules/@types/babel__template/package.json'
[Error - 7:11:13 AM] Failed to load entities from /home/mihir_patnaik/node_modules/@types/babel__traverse/package.json: Error: ENOENT: no such file or directory, open '/home/mihir_patnaik/node_modules/@types/babel__traverse/package.json'
[Error - 7:11:13 AM] Failed to load entities from /home/mihir_patnaik/node_modules/@types/babel__core/package.json: Error: ENOENT: no such file or directory, open '/home/mihir_patnaik/node_modules/@types/babel__core/package.json'
[Error - 7:11:13 AM] Failed to load entities from /home/mihir_patnaik/node_modules/@types/prop-types/package.json: Error: ENOENT: no such file or directory, open '/home/mihir_patnaik/node_modules/@types/prop-types/package.json'
[Error - 7:11:13 AM] Failed to load entities from /home/mihir_patnaik/node_modules/@types/react/package.json: Error: ENOENT: no such file or directory, open '/home/mihir_patnaik/node_modules/@types/react/package.json'
[Error - 7:11:13 AM] Failed to load entities from /home/mihir_patnaik/node_modules/@types/react-dom/package.json: Error: ENOENT: no such file or directory, open '/home/mihir_patnaik/node_modules/@types/react-dom/package.json'
[Error - 7:11:13 AM] Failed to load entities from /home/mihir_patnaik/node_modules/@types/babel__generator/package.json: Error: ENOENT: no such file or directory, open '/home/mihir_patnaik/node_modules/@types/babel__generator/package.json'
[Error - 7:11:13 AM] Failed to load entities from /home/mihir_patnaik/node_modules/@types/estree/package.json: Error: ENOENT: no such file or directory, open '/home/mihir_patnaik/node_modules/@types/estree/package.json'
[Error - 7:11:13 AM] Failed to load entities from /home/mihir_patnaik/node_modules/framer-motion/package.json: Error: ENOENT: no such file or directory, open '/home/mihir_patnaik/node_modules/framer-motion/package.json'
[Error - 7:11:13 AM] Failed to load entities from /home/mihir_patnaik/node_modules/@vitejs/plugin-react/package.json: Error: ENOENT: no such file or directory, open '/home/mihir_patnaik/node_modules/@vitejs/plugin-react/package.json'
[Error - 7:11:13 AM] Failed to load entities from /home/mihir_patnaik/node_modules/react/package.json: Error: ENOENT: no such file or directory, open '/home/mihir_patnaik/node_modules/react/package.json'
[Error - 7:11:13 AM] Failed to load entities from /home/mihir_patnaik/node_modules/esbuild/package.json: Error: ENOENT: no such file or directory, open '/home/mihir_patnaik/node_modules/esbuild/package.json'
[Error - 7:11:13 AM] Failed to load entities from /home/mihir_patnaik/node_modules/react-router/package.json: Error: ENOENT: no such file or directory, open '/home/mihir_patnaik/node_modules/react-router/package.json'
[Error - 7:11:13 AM] Failed to load entities from /home/mihir_patnaik/node_modules/typescript/package.json: Error: ENOENT: no such file or directory, open '/home/mihir_patnaik/node_modules/typescript/package.json'
[Error - 7:11:13 AM] Failed to load entities from /home/mihir_patnaik/node_modules/autoprefixer/package.json: Error: ENOENT: no such file or directory, open '/home/mihir_patnaik/node_modules/autoprefixer/package.json'
[Error - 7:11:13 AM] Failed to load entities from /home/mihir_patnaik/node_modules/motion-dom/package.json: Error: ENOENT: no such file or directory, open '/home/mihir_patnaik/node_modules/motion-dom/package.json'
[Error - 7:39:14 AM] Failed to load entities from /home/mihir_patnaik/node_modules/postcss/package.json: Error: ENOENT: no such file or directory, open '/home/mihir_patnaik/node_modules/postcss/package.json'
[Error - 7:39:14 AM] Failed to load entities from /home/mihir_patnaik/node_modules/@babel/generator/package.json: Error: ENOENT: no such file or directory, open '/home/mihir_patnaik/node_modules/@babel/generator/package.json'
[Error - 7:39:23 AM] Failed to load entities from /home/mihir_patnaik/node_modules/@babel/template/package.json: Error: ENOENT: no such file or directory, open '/home/mihir_patnaik/node_modules/@babel/template/package.json'
[Error - 7:39:23 AM] Failed to load entities from /home/mihir_patnaik/node_modules/@babel/core/package.json: Error: ENOENT: no such file or directory, open '/home/mihir_patnaik/node_modules/@babel/core/package.json'
[Error - 7:39:23 AM] Failed to load entities from /home/mihir_patnaik/node_modules/@babel/traverse/package.json: Error: ENOENT: no such file or directory, open '/home/mihir_patnaik/node_modules/@babel/traverse/package.json'
[Error - 7:39:23 AM] Failed to load entities from /home/mihir_patnaik/node_modules/@babel/parser/package.json: Error: ENOENT: no such file or directory, open '/home/mihir_patnaik/node_modules/@babel/parser/package.json'
[Error - 7:39:23 AM] Failed to load entities from /home/mihir_patnaik/node_modules/rollup/package.json: Error: ENOENT: no such file or directory, open '/home/mihir_patnaik/node_modules/rollup/package.json'
[Error - 7:39:23 AM] Failed to load entities from /home/mihir_patnaik/node_modules/lucide-react/package.json: Error: ENOENT: no such file or directory, open '/home/mihir_patnaik/node_modules/lucide-react/package.json'
[Error - 7:39:23 AM] Failed to load entities from /home/mihir_patnaik/node_modules/motion-utils/package.json: Error: ENOENT: no such file or directory, open '/home/mihir_patnaik/node_modules/motion-utils/package.json'
[Error - 7:39:23 AM] Failed to load entities from /home/mihir_patnaik/node_modules/csstype/package.json: Error: ENOENT: no such file or directory, open '/home/mihir_patnaik/node_modules/csstype/package.json'
[Error - 7:39:23 AM] Failed to load entities from /home/mihir_patnaik/node_modules/browserslist/package.json: Error: ENOENT: no such file or directory, open '/home/mihir_patnaik/node_modules/browserslist/package.json'
[Error - 7:39:23 AM] Failed to load entities from /home/mihir_patnaik/node_modules/tailwindcss/package.json: Error: ENOENT: no such file or directory, open '/home/mihir_patnaik/node_modules/tailwindcss/package.json'
[Error - 7:39:23 AM] Failed to load entities from /home/mihir_patnaik/node_modules/vite/package.json: Error: ENOENT: no such file or directory, open '/home/mihir_patnaik/node_modules/vite/package.json'
[Error - 7:39:23 AM] Failed to load entities from /home/mihir_patnaik/node_modules/vite/types/package.json: Error: ENOENT: no such file or directory, open '/home/mihir_patnaik/node_modules/vite/types/package.json'
[Error - 7:39:23 AM] Failed to load entities from /home/mihir_patnaik/node_modules/react-router-dom/package.json: Error: ENOENT: no such file or directory, open '/home/mihir_patnaik/node_modules/react-router-dom/package.json'
[Error - 7:39:23 AM] Failed to load entities from /home/mihir_patnaik/node_modules/@remix-run/router/package.json: Error: ENOENT: no such file or directory, open '/home/mihir_patnaik/node_modules/@remix-run/router/package.json'
[Error - 7:39:23 AM] Failed to load entities from /home/mihir_patnaik/node_modules/@types/babel__template/package.json: Error: ENOENT: no such file or directory, open '/home/mihir_patnaik/node_modules/@types/babel__template/package.json'
[Error - 7:39:23 AM] Failed to load entities from /home/mihir_patnaik/node_modules/@types/babel__traverse/package.json: Error: ENOENT: no such file or directory, open '/home/mihir_patnaik/node_modules/@types/babel__traverse/package.json'
[Error - 7:39:23 AM] Failed to load entities from /home/mihir_patnaik/node_modules/@types/babel__core/package.json: Error: ENOENT: no such file or directory, open '/home/mihir_patnaik/node_modules/@types/babel__core/package.json'
[Error - 7:39:23 AM] Failed to load entities from /home/mihir_patnaik/node_modules/@types/prop-types/package.json: Error: ENOENT: no such file or directory, open '/home/mihir_patnaik/node_modules/@types/prop-types/package.json'
[Error - 7:39:23 AM] Failed to load entities from /home/mihir_patnaik/node_modules/@types/react/package.json: Error: ENOENT: no such file or directory, open '/home/mihir_patnaik/node_modules/@types/react/package.json'
[Error - 7:39:23 AM] Failed to load entities from /home/mihir_patnaik/node_modules/@types/react-dom/package.json: Error: ENOENT: no such file or directory, open '/home/mihir_patnaik/node_modules/@types/react-dom/package.json'
[Error - 7:39:23 AM] Failed to load entities from /home/mihir_patnaik/node_modules/@types/babel__generator/package.json: Error: ENOENT: no such file or directory, open '/home/mihir_patnaik/node_modules/@types/babel__generator/package.json'
[Error - 7:39:23 AM] Failed to load entities from /home/mihir_patnaik/node_modules/@types/estree/package.json: Error: ENOENT: no such file or directory, open '/home/mihir_patnaik/node_modules/@types/estree/package.json'
[Error - 7:39:23 AM] Failed to load entities from /home/mihir_patnaik/node_modules/framer-motion/package.json: Error: ENOENT: no such file or directory, open '/home/mihir_patnaik/node_modules/framer-motion/package.json'
[Error - 7:39:23 AM] Failed to load entities from /home/mihir_patnaik/node_modules/@vitejs/plugin-react/package.json: Error: ENOENT: no such file or directory, open '/home/mihir_patnaik/node_modules/@vitejs/plugin-react/package.json'
[Error - 7:39:23 AM] Failed to load entities from /home/mihir_patnaik/node_modules/react/package.json: Error: ENOENT: no such file or directory, open '/home/mihir_patnaik/node_modules/react/package.json'
[Error - 7:47:26 AM] Failed to load entities from /home/mihir_patnaik/node_modules/postcss/package.json: Error: ENOENT: no such file or directory, open '/home/mihir_patnaik/node_modules/postcss/package.json'
[Error - 7:47:26 AM] Failed to load entities from /home/mihir_patnaik/node_modules/lucide-react/package.json: Error: ENOENT: no such file or directory, open '/home/mihir_patnaik/node_modules/lucide-react/package.json'
[Error - 7:47:26 AM] Failed to load entities from /home/mihir_patnaik/node_modules/csstype/package.json: Error: ENOENT: no such file or directory, open '/home/mihir_patnaik/node_modules/csstype/package.json'
[Error - 7:47:26 AM] Failed to load entities from /home/mihir_patnaik/node_modules/browserslist/package.json: Error: ENOENT: no such file or directory, open '/home/mihir_patnaik/node_modules/browserslist/package.json'
[Error - 7:47:26 AM] Failed to load entities from /home/mihir_patnaik/node_modules/tailwindcss/package.json: Error: ENOENT: no such file or directory, open '/home/mihir_patnaik/node_modules/tailwindcss/package.json'
[Error - 7:47:26 AM] Failed to load entities from /home/mihir_patnaik/node_modules/vite/package.json: Error: ENOENT: no such file or directory, open '/home/mihir_patnaik/node_modules/vite/package.json'
[Error - 7:47:26 AM] Failed to load entities from /home/mihir_patnaik/node_modules/vite/types/package.json: Error: ENOENT: no such file or directory, open '/home/mihir_patnaik/node_modules/vite/types/package.json'
[Error - 7:47:26 AM] Failed to load entities from /home/mihir_patnaik/node_modules/react-router-dom/package.json: Error: ENOENT: no such file or directory, open '/home/mihir_patnaik/node_modules/react-router-dom/package.json'
[Error - 7:47:26 AM] Failed to load entities from /home/mihir_patnaik/node_modules/@remix-run/router/package.json: Error: ENOENT: no such file or directory, open '/home/mihir_patnaik/node_modules/@remix-run/router/package.json'
[Error - 7:47:26 AM] Failed to load entities from /home/mihir_patnaik/node_modules/@types/babel__template/package.json: Error: ENOENT: no such file or directory, open '/home/mihir_patnaik/node_modules/@types/babel__template/package.json'
[Error - 7:47:26 AM] Failed to load entities from /home/mihir_patnaik/node_modules/@types/babel__traverse/package.json: Error: ENOENT: no such file or directory, open '/home/mihir_patnaik/node_modules/@types/babel__traverse/package.json'
[Error - 7:47:26 AM] Failed to load entities from /home/mihir_patnaik/node_modules/@types/babel__core/package.json: Error: ENOENT: no such file or directory, open '/home/mihir_patnaik/node_modules/@types/babel__core/package.json'
[Error - 7:47:26 AM] Failed to load entities from /home/mihir_patnaik/node_modules/@types/prop-types/package.json: Error: ENOENT: no such file or directory, open '/home/mihir_patnaik/node_modules/@types/prop-types/package.json'
[Error - 7:47:26 AM] Failed to load entities from /home/mihir_patnaik/node_modules/@types/react/package.json: Error: ENOENT: no such file or directory, open '/home/mihir_patnaik/node_modules/@types/react/package.json'
[Error - 7:47:26 AM] Failed to load entities from /home/mihir_patnaik/node_modules/@types/react-dom/package.json: Error: ENOENT: no such file or directory, open '/home/mihir_patnaik/node_modules/@types/react-dom/package.json'
[Error - 7:47:26 AM] Failed to load entities from /home/mihir_patnaik/node_modules/@types/babel__generator/package.json: Error: ENOENT: no such file or directory, open '/home/mihir_patnaik/node_modules/@types/babel__generator/package.json'
[Error - 7:47:26 AM] Failed to load entities from /home/mihir_patnaik/node_modules/@types/estree/package.json: Error: ENOENT: no such file or directory, open '/home/mihir_patnaik/node_modules/@types/estree/package.json'
[Error - 7:47:26 AM] Failed to load entities from /home/mihir_patnaik/node_modules/framer-motion/package.json: Error: ENOENT: no such file or directory, open '/home/mihir_patnaik/node_modules/framer-motion/package.json'
[Error - 7:47:26 AM] Failed to load entities from /home/mihir_patnaik/node_modules/@vitejs/plugin-react/package.json: Error: ENOENT: no such file or directory, open '/home/mihir_patnaik/node_modules/@vitejs/plugin-react/package.json'
[Error - 7:47:26 AM] Failed to load entities from /home/mihir_patnaik/node_modules/react/package.json: Error: ENOENT: no such file or directory, open '/home/mihir_patnaik/node_modules/react/package.json'
[Error - 7:47:26 AM] Failed to load entities from /home/mihir_patnaik/node_modules/esbuild/package.json: Error: ENOENT: no such file or directory, open '/home/mihir_patnaik/node_modules/esbuild/package.json'
[Error - 7:47:26 AM] Failed to load entities from /home/mihir_patnaik/node_modules/react-router/package.json: Error: ENOENT: no such file or directory, open '/home/mihir_patnaik/node_modules/react-router/package.json'
[Error - 7:47:26 AM] Failed to load entities from /home/mihir_patnaik/node_modules/typescript/package.json: Error: ENOENT: no such file or directory, open '/home/mihir_patnaik/node_modules/typescript/package.json'
[Error - 7:47:26 AM] Failed to load entities from /home/mihir_patnaik/node_modules/autoprefixer/package.json: Error: ENOENT: no such file or directory, open '/home/mihir_patnaik/node_modules/autoprefixer/package.json'
[Error - 7:47:26 AM] Failed to load entities from /home/mihir_patnaik/node_modules/motion-dom/package.json: Error: ENOENT: no such file or directory, open '/home/mihir_patnaik/node_modules/motion-dom/package.json'
