2025-02-25 11:45:50.885 [info] [main] Log level: Info
2025-02-25 11:45:50.885 [info] [main] Validating found git in: "git"
2025-02-25 11:45:50.885 [info] [main] Using git "2.43.0" from "git"
2025-02-25 11:45:50.885 [info] [Model][doInitialScan] Initial repository scan started
2025-02-25 11:45:50.885 [info] > git rev-parse --show-toplevel [2ms]
2025-02-25 11:45:50.885 [info] fatal: not a git repository (or any parent up to mount point /)
Stopping at filesystem boundary (GIT_DISCOVERY_ACROSS_FILESYSTEM not set).
2025-02-25 11:45:50.885 [info] > git rev-parse --show-toplevel [2ms]
2025-02-25 11:45:50.885 [info] fatal: not a git repository (or any parent up to mount point /)
Stopping at filesystem boundary (GIT_DISCOVERY_ACROSS_FILESYSTEM not set).
2025-02-25 11:45:50.885 [info] > git rev-parse --show-toplevel [1385ms]
2025-02-25 11:45:50.885 [info] fatal: not a git repository (or any parent up to mount point /)
Stopping at filesystem boundary (GIT_DISCOVERY_ACROSS_FILESYSTEM not set).
2025-02-25 11:45:50.885 [info] > git rev-parse --show-toplevel [4ms]
2025-02-25 11:45:50.885 [info] fatal: not a git repository (or any parent up to mount point /)
Stopping at filesystem boundary (GIT_DISCOVERY_ACROSS_FILESYSTEM not set).
2025-02-25 11:45:50.887 [info] > git rev-parse --show-toplevel [2ms]
2025-02-25 11:45:50.887 [info] fatal: not a git repository (or any parent up to mount point /)
Stopping at filesystem boundary (GIT_DISCOVERY_ACROSS_FILESYSTEM not set).
2025-02-25 11:45:50.893 [info] > git rev-parse --show-toplevel [2ms]
2025-02-25 11:45:50.893 [info] fatal: not a git repository (or any parent up to mount point /)
Stopping at filesystem boundary (GIT_DISCOVERY_ACROSS_FILESYSTEM not set).
2025-02-25 11:45:50.900 [info] > git rev-parse --show-toplevel [2ms]
2025-02-25 11:45:50.900 [info] fatal: not a git repository (or any parent up to mount point /)
Stopping at filesystem boundary (GIT_DISCOVERY_ACROSS_FILESYSTEM not set).
2025-02-25 11:45:50.907 [info] > git rev-parse --show-toplevel [1ms]
2025-02-25 11:45:50.907 [info] fatal: not a git repository (or any parent up to mount point /)
Stopping at filesystem boundary (GIT_DISCOVERY_ACROSS_FILESYSTEM not set).
2025-02-25 11:45:50.908 [info] [Model][doInitialScan] Initial repository scan completed - repositories (0), closed repositories (0), parent repositories (0), unsafe repositories (0)
2025-02-25 11:45:50.914 [info] > git rev-parse --show-toplevel [2ms]
2025-02-25 11:45:50.914 [info] fatal: not a git repository (or any parent up to mount point /)
Stopping at filesystem boundary (GIT_DISCOVERY_ACROSS_FILESYSTEM not set).
2025-02-25 11:45:50.921 [info] > git rev-parse --show-toplevel [1ms]
2025-02-25 11:45:50.921 [info] fatal: not a git repository (or any parent up to mount point /)
Stopping at filesystem boundary (GIT_DISCOVERY_ACROSS_FILESYSTEM not set).
2025-02-25 11:45:50.927 [info] > git rev-parse --show-toplevel [1ms]
2025-02-25 11:45:50.927 [info] fatal: not a git repository (or any parent up to mount point /)
Stopping at filesystem boundary (GIT_DISCOVERY_ACROSS_FILESYSTEM not set).
2025-02-25 11:45:50.934 [info] > git rev-parse --show-toplevel [2ms]
2025-02-25 11:45:50.934 [info] fatal: not a git repository (or any parent up to mount point /)
Stopping at filesystem boundary (GIT_DISCOVERY_ACROSS_FILESYSTEM not set).
2025-02-25 11:45:50.940 [info] > git rev-parse --show-toplevel [2ms]
2025-02-25 11:45:50.940 [info] fatal: not a git repository (or any parent up to mount point /)
Stopping at filesystem boundary (GIT_DISCOVERY_ACROSS_FILESYSTEM not set).
