2025-02-26 05:42:02.394 [info] Extension host with pid 1239 started
2025-02-26 05:42:02.394 [error] Error: EEXIST: file already exists, open '/home/mihir_patnaik/.codeoss/data/User/workspaceStorage/-332d05a0/vscode.lock'
2025-02-26 05:42:02.455 [info] Lock '/home/mihir_patnaik/.codeoss/data/User/workspaceStorage/-332d05a0/vscode.lock': Could not acquire lock, checking if the file is stale.
2025-02-26 05:42:02.456 [info] Lock '/home/mihir_patnaik/.codeoss/data/User/workspaceStorage/-332d05a0/vscode.lock': The pid 1346 appears to be gone.
2025-02-26 05:42:02.456 [info] Lock '/home/mihir_patnaik/.codeoss/data/User/workspaceStorage/-332d05a0/vscode.lock': Deleting a stale lock.
2025-02-26 05:42:02.463 [info] Lock '/home/mihir_patnaik/.codeoss/data/User/workspaceStorage/-332d05a0/vscode.lock': Lock acquired.
2025-02-26 05:42:03.208 [info] ExtensionService#_doActivateExtension vscode.emmet, startup: false, activationEvent: 'onLanguage'
2025-02-26 05:42:03.210 [info] ExtensionService#_doActivateExtension vscode.typescript-language-features, startup: false, activationEvent: 'onLanguage:typescript'
2025-02-26 05:42:03.845 [info] ExtensionService#_doActivateExtension vscode.git-base, startup: true, activationEvent: '*', root cause: vscode.git
2025-02-26 05:42:03.862 [info] ExtensionService#_doActivateExtension vscode.npm, startup: true, activationEvent: 'workspaceContains:package.json'
2025-02-26 05:42:04.393 [info] ExtensionService#_doActivateExtension vscode.git, startup: true, activationEvent: '*'
2025-02-26 05:42:04.394 [info] ExtensionService#_doActivateExtension vscode.github, startup: true, activationEvent: '*'
2025-02-26 05:42:05.861 [info] ExtensionService#_doActivateExtension redhat.fabric8-analytics, startup: true, activationEvent: 'workspaceContains:**/package.json,**/pom.xml,**/go.mod,**/requirements.txt,**/build.gradle,**/Dockerfile,**/Containerfile'
2025-02-26 05:42:06.391 [info] Eager extensions activated
2025-02-26 05:42:06.391 [info] ExtensionService#_doActivateExtension EditorConfig.EditorConfig, startup: false, activationEvent: 'onStartupFinished'
2025-02-26 05:42:06.392 [info] ExtensionService#_doActivateExtension google.cloud-shell, startup: false, activationEvent: 'onStartupFinished'
2025-02-26 05:42:06.393 [info] ExtensionService#_doActivateExtension google.geminicodeassist, startup: false, activationEvent: 'onStartupFinished', root cause: googlecloudtools.cloudcode
2025-02-26 05:42:06.393 [info] ExtensionService#_doActivateExtension vscode.debug-auto-launch, startup: false, activationEvent: 'onStartupFinished'
2025-02-26 05:42:06.394 [info] ExtensionService#_doActivateExtension vscode.merge-conflict, startup: false, activationEvent: 'onStartupFinished'
2025-02-26 05:42:08.092 [info] ExtensionService#_doActivateExtension googlecloudtools.cloudcode, startup: false, activationEvent: 'onStartupFinished'
2025-02-26 05:42:10.527 [info] ExtensionService#_doActivateExtension vscode.configuration-editing, startup: false, activationEvent: 'onLanguage:jsonc'
2025-02-26 05:42:10.527 [info] ExtensionService#_doActivateExtension vscode.json-language-features, startup: false, activationEvent: 'onLanguage:jsonc'
2025-02-26 05:42:10.984 [info] ExtensionService#_doActivateExtension vscode.extension-editing, startup: false, activationEvent: 'onLanguage:json'
2025-02-26 05:53:56.773 [info] ExtensionService#_doActivateExtension vscode.css-language-features, startup: false, activationEvent: 'onLanguage:css'
2025-02-26 05:54:05.193 [info] ExtensionService#_doActivateExtension ms-vscode.js-debug, startup: false, activationEvent: 'onCommand:extension.js-debug.npmScript'
2025-02-26 06:07:27.784 [info] ExtensionService#_doActivateExtension vscode.html-language-features, startup: false, activationEvent: 'onLanguage:html'
2025-02-26 06:09:19.698 [info] ExtensionService#_doActivateExtension vscode.media-preview, startup: false, activationEvent: 'onCustomEditor:imagePreview.previewEditor'
2025-02-26 15:18:25.460 [info] Extension host terminating: renderer disconnected for too long (2)
2025-02-26 15:18:25.461 [info] Lock '/home/mihir_patnaik/.codeoss/data/User/workspaceStorage/-332d05a0/vscode.lock': Marking the lockfile as scheduled to be released in 6000 ms.
2025-02-26 15:18:25.526 [info] Extension host with pid 1239 exiting with code 0
