2025-02-26 01:59:58.616 [info] Extension host with pid 1346 started
2025-02-26 01:59:58.616 [error] Error: EEXIST: file already exists, open '/home/mihir_patnaik/.codeoss/data/User/workspaceStorage/-332d05a0/vscode.lock'
2025-02-26 01:59:58.646 [info] Lock '/home/mihir_patnaik/.codeoss/data/User/workspaceStorage/-332d05a0/vscode.lock': Could not acquire lock, checking if the file is stale.
2025-02-26 01:59:58.647 [info] Lock '/home/mihir_patnaik/.codeoss/data/User/workspaceStorage/-332d05a0/vscode.lock': The pid 1228 appears to be gone.
2025-02-26 01:59:58.647 [info] Lock '/home/mihir_patnaik/.codeoss/data/User/workspaceStorage/-332d05a0/vscode.lock': Deleting a stale lock.
2025-02-26 01:59:58.654 [info] Lock '/home/mihir_patnaik/.codeoss/data/User/workspaceStorage/-332d05a0/vscode.lock': Lock acquired.
2025-02-26 01:59:58.790 [info] ExtensionService#_doActivateExtension vscode.emmet, startup: false, activationEvent: 'onLanguage'
2025-02-26 01:59:58.791 [info] ExtensionService#_doActivateExtension vscode.typescript-language-features, startup: false, activationEvent: 'onLanguage:typescriptreact'
2025-02-26 01:59:59.313 [info] ExtensionService#_doActivateExtension vscode.git-base, startup: true, activationEvent: '*', root cause: vscode.git
2025-02-26 01:59:59.324 [info] ExtensionService#_doActivateExtension vscode.npm, startup: true, activationEvent: 'workspaceContains:package.json'
2025-02-26 01:59:59.830 [info] ExtensionService#_doActivateExtension vscode.git, startup: true, activationEvent: '*'
2025-02-26 01:59:59.830 [info] ExtensionService#_doActivateExtension vscode.github, startup: true, activationEvent: '*'
2025-02-26 02:00:00.612 [info] ExtensionService#_doActivateExtension redhat.fabric8-analytics, startup: true, activationEvent: 'workspaceContains:**/package.json,**/pom.xml,**/go.mod,**/requirements.txt,**/build.gradle,**/Dockerfile,**/Containerfile'
2025-02-26 02:00:01.525 [info] Eager extensions activated
2025-02-26 02:00:01.525 [info] ExtensionService#_doActivateExtension EditorConfig.EditorConfig, startup: false, activationEvent: 'onStartupFinished'
2025-02-26 02:00:01.526 [info] ExtensionService#_doActivateExtension google.cloud-shell, startup: false, activationEvent: 'onStartupFinished'
2025-02-26 02:00:01.529 [info] ExtensionService#_doActivateExtension google.geminicodeassist, startup: false, activationEvent: 'onStartupFinished', root cause: googlecloudtools.cloudcode
2025-02-26 02:00:01.530 [info] ExtensionService#_doActivateExtension vscode.debug-auto-launch, startup: false, activationEvent: 'onStartupFinished'
2025-02-26 02:00:01.531 [info] ExtensionService#_doActivateExtension vscode.merge-conflict, startup: false, activationEvent: 'onStartupFinished'
2025-02-26 02:00:03.641 [info] ExtensionService#_doActivateExtension googlecloudtools.cloudcode, startup: false, activationEvent: 'onStartupFinished'
2025-02-26 02:00:06.969 [info] ExtensionService#_doActivateExtension vscode.configuration-editing, startup: false, activationEvent: 'onLanguage:jsonc'
2025-02-26 02:00:06.970 [info] ExtensionService#_doActivateExtension vscode.json-language-features, startup: false, activationEvent: 'onLanguage:jsonc'
2025-02-26 02:00:07.756 [info] ExtensionService#_doActivateExtension vscode.extension-editing, startup: false, activationEvent: 'onLanguage:json'
2025-02-26 02:01:08.040 [info] ExtensionService#_doActivateExtension vscode.media-preview, startup: false, activationEvent: 'onCustomEditor:imagePreview.previewEditor'
2025-02-26 02:12:22.133 [info] ExtensionService#_doActivateExtension ms-vscode.js-debug, startup: false, activationEvent: 'onCommand:extension.js-debug.npmScript'
2025-02-26 02:16:43.246 [info] ExtensionService#_doActivateExtension vscode.html-language-features, startup: false, activationEvent: 'onLanguage:html'
2025-02-26 02:16:51.983 [info] ExtensionService#_doActivateExtension vscode.css-language-features, startup: false, activationEvent: 'onLanguage:css'
