2025-02-25 23:19:11.437 [info] [main] Log level: Info
2025-02-25 23:19:11.437 [info] [main] Validating found git in: "git"
2025-02-25 23:19:11.437 [info] [main] Using git "2.43.0" from "git"
2025-02-25 23:19:11.437 [info] [Model][doInitialScan] Initial repository scan started
2025-02-25 23:19:11.437 [info] > git rev-parse --show-toplevel [398ms]
2025-02-25 23:19:11.437 [info] fatal: not a git repository (or any parent up to mount point /)
Stopping at filesystem boundary (GIT_DISCOVERY_ACROSS_FILESYSTEM not set).
2025-02-25 23:19:11.437 [info] > git rev-parse --show-toplevel [4ms]
2025-02-25 23:19:11.437 [info] fatal: not a git repository (or any parent up to mount point /)
Stopping at filesystem boundary (GIT_DISCOVERY_ACROSS_FILESYSTEM not set).
2025-02-25 23:19:11.450 [info] > git rev-parse --show-toplevel [2ms]
2025-02-25 23:19:11.450 [info] fatal: not a git repository (or any parent up to mount point /)
Stopping at filesystem boundary (GIT_DISCOVERY_ACROSS_FILESYSTEM not set).
2025-02-25 23:19:11.460 [info] > git rev-parse --show-toplevel [5ms]
2025-02-25 23:19:11.460 [info] fatal: not a git repository (or any parent up to mount point /)
Stopping at filesystem boundary (GIT_DISCOVERY_ACROSS_FILESYSTEM not set).
2025-02-25 23:19:11.471 [info] > git rev-parse --show-toplevel [1ms]
2025-02-25 23:19:11.471 [info] fatal: not a git repository (or any parent up to mount point /)
Stopping at filesystem boundary (GIT_DISCOVERY_ACROSS_FILESYSTEM not set).
2025-02-25 23:19:11.486 [info] > git rev-parse --show-toplevel [8ms]
2025-02-25 23:19:11.486 [info] fatal: not a git repository (or any parent up to mount point /)
Stopping at filesystem boundary (GIT_DISCOVERY_ACROSS_FILESYSTEM not set).
2025-02-25 23:19:12.846 [info] > git rev-parse --show-toplevel [1353ms]
2025-02-25 23:19:12.846 [info] fatal: not a git repository (or any parent up to mount point /)
Stopping at filesystem boundary (GIT_DISCOVERY_ACROSS_FILESYSTEM not set).
2025-02-25 23:19:12.855 [info] > git rev-parse --show-toplevel [2ms]
2025-02-25 23:19:12.855 [info] fatal: not a git repository (or any parent up to mount point /)
Stopping at filesystem boundary (GIT_DISCOVERY_ACROSS_FILESYSTEM not set).
2025-02-25 23:19:12.863 [info] > git rev-parse --show-toplevel [3ms]
2025-02-25 23:19:12.863 [info] fatal: not a git repository (or any parent up to mount point /)
Stopping at filesystem boundary (GIT_DISCOVERY_ACROSS_FILESYSTEM not set).
2025-02-25 23:19:12.870 [info] > git rev-parse --show-toplevel [2ms]
2025-02-25 23:19:12.871 [info] fatal: not a git repository (or any parent up to mount point /)
Stopping at filesystem boundary (GIT_DISCOVERY_ACROSS_FILESYSTEM not set).
2025-02-25 23:19:12.882 [info] > git rev-parse --show-toplevel [1ms]
2025-02-25 23:19:12.882 [info] fatal: not a git repository (or any parent up to mount point /)
Stopping at filesystem boundary (GIT_DISCOVERY_ACROSS_FILESYSTEM not set).
2025-02-25 23:19:12.892 [info] > git rev-parse --show-toplevel [1ms]
2025-02-25 23:19:12.892 [info] fatal: not a git repository (or any parent up to mount point /)
Stopping at filesystem boundary (GIT_DISCOVERY_ACROSS_FILESYSTEM not set).
2025-02-25 23:19:15.458 [info] > git rev-parse --show-toplevel [2561ms]
2025-02-25 23:19:15.458 [info] fatal: not a git repository (or any parent up to mount point /)
Stopping at filesystem boundary (GIT_DISCOVERY_ACROSS_FILESYSTEM not set).
2025-02-25 23:19:15.499 [info] > git rev-parse --show-toplevel [9ms]
2025-02-25 23:19:15.499 [info] fatal: not a git repository (or any parent up to mount point /)
Stopping at filesystem boundary (GIT_DISCOVERY_ACROSS_FILESYSTEM not set).
2025-02-25 23:19:15.515 [info] > git rev-parse --show-toplevel [4ms]
2025-02-25 23:19:15.515 [info] fatal: not a git repository (or any parent up to mount point /)
Stopping at filesystem boundary (GIT_DISCOVERY_ACROSS_FILESYSTEM not set).
2025-02-25 23:19:15.527 [info] > git rev-parse --show-toplevel [1ms]
2025-02-25 23:19:15.527 [info] fatal: not a git repository (or any parent up to mount point /)
Stopping at filesystem boundary (GIT_DISCOVERY_ACROSS_FILESYSTEM not set).
2025-02-25 23:19:15.537 [info] > git rev-parse --show-toplevel [2ms]
2025-02-25 23:19:15.537 [info] fatal: not a git repository (or any parent up to mount point /)
Stopping at filesystem boundary (GIT_DISCOVERY_ACROSS_FILESYSTEM not set).
2025-02-25 23:19:15.538 [info] [Model][doInitialScan] Initial repository scan completed - repositories (0), closed repositories (0), parent repositories (0), unsafe repositories (0)
2025-02-25 23:26:15.151 [info] > git rev-parse --show-toplevel [3ms]
2025-02-25 23:26:15.151 [info] fatal: not a git repository (or any parent up to mount point /)
Stopping at filesystem boundary (GIT_DISCOVERY_ACROSS_FILESYSTEM not set).
2025-02-25 23:26:46.981 [info] > git rev-parse --show-toplevel [4ms]
2025-02-25 23:26:46.981 [info] fatal: not a git repository (or any parent up to mount point /)
Stopping at filesystem boundary (GIT_DISCOVERY_ACROSS_FILESYSTEM not set).
2025-02-25 23:28:07.077 [info] > git rev-parse --show-toplevel [5ms]
2025-02-25 23:28:07.078 [info] fatal: not a git repository (or any parent up to mount point /)
Stopping at filesystem boundary (GIT_DISCOVERY_ACROSS_FILESYSTEM not set).
2025-02-25 23:28:19.938 [info] > git rev-parse --show-toplevel [2ms]
2025-02-25 23:28:19.938 [info] fatal: not a git repository (or any parent up to mount point /)
Stopping at filesystem boundary (GIT_DISCOVERY_ACROSS_FILESYSTEM not set).
2025-02-25 23:28:21.012 [info] > git rev-parse --show-toplevel [2ms]
2025-02-25 23:28:21.012 [info] fatal: not a git repository (or any parent up to mount point /)
Stopping at filesystem boundary (GIT_DISCOVERY_ACROSS_FILESYSTEM not set).
2025-02-25 23:29:52.630 [info] > git rev-parse --show-toplevel [2ms]
2025-02-25 23:29:52.630 [info] fatal: not a git repository (or any parent up to mount point /)
Stopping at filesystem boundary (GIT_DISCOVERY_ACROSS_FILESYSTEM not set).
2025-02-25 23:30:25.486 [info] > git rev-parse --show-toplevel [3ms]
2025-02-25 23:30:25.488 [info] fatal: not a git repository (or any parent up to mount point /)
Stopping at filesystem boundary (GIT_DISCOVERY_ACROSS_FILESYSTEM not set).
2025-02-25 23:30:44.997 [info] > git rev-parse --show-toplevel [2ms]
2025-02-25 23:30:44.997 [info] fatal: not a git repository (or any parent up to mount point /)
Stopping at filesystem boundary (GIT_DISCOVERY_ACROSS_FILESYSTEM not set).
2025-02-25 23:34:40.168 [info] > git rev-parse --show-toplevel [10ms]
2025-02-25 23:34:40.168 [info] fatal: not a git repository (or any parent up to mount point /)
Stopping at filesystem boundary (GIT_DISCOVERY_ACROSS_FILESYSTEM not set).
