Initializing document watcher...
Document watcher initialized
mihir_patnaik/package.json: {}
mihir_patnaik/package.json: {}
mihir_patnaik/package.json: Using EditorConfig core...
mihir_patnaik/package.json: Using EditorConfig core...
mihir_patnaik/package.json: {}
mihir_patnaik/package.json: {}
mihir_patnaik/package.json: {}
mihir_patnaik/package.json: {}
mihir_patnaik/package.json: {}
mihir_patnaik/package.json: {}
mihir_patnaik/package.json: {}
mihir_patnaik/package.json: {}
mihir_patnaik/package.json: {}
mihir_patnaik/package.json: {}
mihir_patnaik/datasenceai/vite.config.js: {}
mihir_patnaik/datasenceai/vite.config.js: {}
mihir_patnaik/datasenceai/vite.config.js: {}
mihir_patnaik/datasenceai/vite.config.js: {}
mihir_patnaik/datasenceai/vite.config.js: {}
mihir_patnaik/datasenceai/vite.config.js: {}
mihir_patnaik/package.json: {}
No more open editors.
No more open editors.
No more open editors.
mihir_patnaik/src/pages/AIDataLabelingPage.tsx: {}
mihir_patnaik/src/pages/AIDataLabelingPage.tsx: {}
mihir_patnaik/src/pages/AIDataLabelingPage.tsx: Using EditorConfig core...
mihir_patnaik/src/pages/AIDataLabelingPage.tsx: {}
No more open editors.
mihir_patnaik/src/pages/B2BLeadGenerationPage.tsx: {}
mihir_patnaik/src/pages/B2BLeadGenerationPage.tsx: {}
mihir_patnaik/src/pages/B2BLeadGenerationPage.tsx: Using EditorConfig core...
mihir_patnaik/datasenceai/src/main.jsx: {}
mihir_patnaik/src/pages/HomePage.tsx: {}
mihir_patnaik/src/pages/HomePage.tsx: {}
mihir_patnaik/src/pages/AIDataLabelingPage.tsx: {}
mihir_patnaik/src/pages/AIDataLabelingPage.tsx: {}
mihir_patnaik/src/pages/AIDataLabelingPage.tsx: {}
mihir_patnaik/src/pages/AIDataLabelingPage.tsx: {}
mihir_patnaik/src/pages/AIDataLabelingPage.tsx: {}
mihir_patnaik/src/pages/AIDataLabelingPage.tsx: {}
mihir_patnaik/src/pages/B2BLeadGenerationPage.tsx: {}
No more open editors.
No more open editors.
No more open editors.
No more open editors.
mihir_patnaik/vite.config.js: {}
mihir_patnaik/vite.config.js: {}
mihir_patnaik/vite.config.js: Using EditorConfig core...
mihir_patnaik/vite.config.js: Using EditorConfig core...
mihir_patnaik/vite.config.js: {}
mihir_patnaik/vite.config.js: {}
mihir_patnaik/vite.config.js: Using EditorConfig core...
mihir_patnaik/vite.config.js: {}
mihir_patnaik/vite.config.js: {}
mihir_patnaik/vite.config.ts: {}
mihir_patnaik/vite.config.ts: {}
mihir_patnaik/vite.config.ts: {}
mihir_patnaik/vite.config.ts: {}
mihir_patnaik/vite.config.ts: {}
mihir_patnaik/datasenceai/src/main.jsx: {}
mihir_patnaik/datasenceai/src/main.jsx: {}
mihir_patnaik/datasenceai/src/main.jsx: {}
mihir_patnaik/vite.config.js: {}
