2025-02-25 23:19:07.855 [info] Extension host with pid 1228 started
2025-02-25 23:19:07.871 [error] Error: EEXIST: file already exists, open '/home/mihir_patnaik/.codeoss/data/User/workspaceStorage/-332d05a0/vscode.lock'
2025-02-25 23:19:07.908 [info] Lock '/home/mihir_patnaik/.codeoss/data/User/workspaceStorage/-332d05a0/vscode.lock': Could not acquire lock, checking if the file is stale.
2025-02-25 23:19:07.909 [info] Lock '/home/mihir_patnaik/.codeoss/data/User/workspaceStorage/-332d05a0/vscode.lock': The lock looks stale, waiting for 2s.
2025-02-25 23:19:08.246 [info] ExtensionService#_doActivateExtension vscode.emmet, startup: false, activationEvent: 'onLanguage'
2025-02-25 23:19:08.247 [info] ExtensionService#_doActivateExtension vscode.configuration-editing, startup: false, activationEvent: 'onLanguage:json'
2025-02-25 23:19:08.248 [info] ExtensionService#_doActivateExtension vscode.extension-editing, startup: false, activationEvent: 'onLanguage:json'
2025-02-25 23:19:08.248 [info] ExtensionService#_doActivateExtension vscode.json-language-features, startup: false, activationEvent: 'onLanguage:json'
2025-02-25 23:19:08.248 [info] ExtensionService#_doActivateExtension vscode.npm, startup: false, activationEvent: 'onLanguage:json'
2025-02-25 23:19:09.250 [info] ExtensionService#_doActivateExtension vscode.git-base, startup: true, activationEvent: '*', root cause: vscode.git
2025-02-25 23:19:09.910 [info] Lock '/home/mihir_patnaik/.codeoss/data/User/workspaceStorage/-332d05a0/vscode.lock': The lock looks stale even after waiting for 2s.
2025-02-25 23:19:09.910 [info] Lock '/home/mihir_patnaik/.codeoss/data/User/workspaceStorage/-332d05a0/vscode.lock': Deleting a stale lock.
2025-02-25 23:19:09.917 [info] Lock '/home/mihir_patnaik/.codeoss/data/User/workspaceStorage/-332d05a0/vscode.lock': Lock acquired.
2025-02-25 23:19:10.057 [info] ExtensionService#_doActivateExtension vscode.git, startup: true, activationEvent: '*'
2025-02-25 23:19:10.057 [info] ExtensionService#_doActivateExtension vscode.github, startup: true, activationEvent: '*'
2025-02-25 23:19:11.021 [info] ExtensionService#_doActivateExtension redhat.fabric8-analytics, startup: true, activationEvent: 'workspaceContains:**/package.json,**/pom.xml,**/go.mod,**/requirements.txt,**/build.gradle,**/Dockerfile,**/Containerfile'
2025-02-25 23:19:11.525 [info] Eager extensions activated
2025-02-25 23:19:11.526 [info] ExtensionService#_doActivateExtension EditorConfig.EditorConfig, startup: false, activationEvent: 'onStartupFinished'
2025-02-25 23:19:11.526 [info] ExtensionService#_doActivateExtension google.cloud-shell, startup: false, activationEvent: 'onStartupFinished'
2025-02-25 23:19:11.527 [info] ExtensionService#_doActivateExtension google.geminicodeassist, startup: false, activationEvent: 'onStartupFinished', root cause: googlecloudtools.cloudcode
2025-02-25 23:19:11.527 [info] ExtensionService#_doActivateExtension vscode.debug-auto-launch, startup: false, activationEvent: 'onStartupFinished'
2025-02-25 23:19:11.528 [info] ExtensionService#_doActivateExtension vscode.merge-conflict, startup: false, activationEvent: 'onStartupFinished'
2025-02-25 23:19:13.045 [info] ExtensionService#_doActivateExtension googlecloudtools.cloudcode, startup: false, activationEvent: 'onStartupFinished'
2025-02-25 23:19:15.772 [info] ExtensionService#_doActivateExtension vscode.typescript-language-features, startup: false, activationEvent: 'onLanguage:jsonc'
