Initializing document watcher...
Document watcher initialized
mihir_patnaik/package.json: {}
mihir_patnaik/package.json: {}
mihir_patnaik/package.json: {}
mihir_patnaik/package.json: {}
mihir_patnaik/package.json: {}
mihir_patnaik/src/pages/AboutPage.tsx: {}
mihir_patnaik/src/pages/AboutPage.tsx: {}
mihir_patnaik/src/pages/HomePage.tsx: {}
mihir_patnaik/src/pages/HomePage.tsx: {}
mihir_patnaik/src/pages/HomePage.tsx: {}
mihir_patnaik/src/pages/AboutPage.tsx: {}
mihir_patnaik/src/pages/AboutPage.tsx: {}
mihir_patnaik/src/pages/BlogPage.tsx: {}
mihir_patnaik/src/pages/ContactPage.tsx: {}
mihir_patnaik/src/pages/ContactPage.tsx: {}
mihir_patnaik/src/pages/ContactPage.tsx: {}
mihir_patnaik/src/pages/ContactPage.tsx: {}
mihir_patnaik/src/pages/ContactPage.tsx: {}
mihir_patnaik/src/pages/ContactPage.tsx: {}
mihir_patnaik/src/pages/HomePage.tsx: {}
mihir_patnaik/src/pages/HomePage.tsx: Using EditorConfig core...
mihir_patnaik/src/pages/HomePage.tsx: Using EditorConfig core...
mihir_patnaik/src/pages/HomePage.tsx: {}
mihir_patnaik/src/pages/AboutPage.tsx: {}
mihir_patnaik/src/pages/AboutPage.tsx: Using EditorConfig core...
mihir_patnaik/src/pages/AboutPage.tsx: Using EditorConfig core...
mihir_patnaik/src/pages/AboutPage.tsx: {}
mihir_patnaik/src/pages/ContactPage.tsx: {}
mihir_patnaik/src/pages/ContactPage.tsx: Using EditorConfig core...
mihir_patnaik/src/pages/ContactPage.tsx: Using EditorConfig core...
mihir_patnaik/src/pages/ContactPage.tsx: {}
mihir_patnaik/src/pages/ContactPage.tsx: {}
mihir_patnaik/src/pages/ContactPage.tsx: {}
mihir_patnaik/src/pages/AIDataLabelingPage.tsx: {}
mihir_patnaik/src/pages/AIDataLabelingPage.tsx: Using EditorConfig core...
mihir_patnaik/src/pages/AIDataLabelingPage.tsx: Using EditorConfig core...
mihir_patnaik/src/pages/AIDataLabelingPage.tsx: Using EditorConfig core...
