2025-02-27 12:31:44.232 [info] Extension host with pid 9134 started
2025-02-27 12:31:44.232 [error] Error: EEXIST: file already exists, open '/home/mihir_patnaik/.codeoss/data/User/workspaceStorage/-332d05a0/vscode.lock'
2025-02-27 12:31:44.237 [info] Lock '/home/mihir_patnaik/.codeoss/data/User/workspaceStorage/-332d05a0/vscode.lock': Could not acquire lock, checking if the file is stale.
2025-02-27 12:31:44.242 [info] Lock '/home/mihir_patnaik/.codeoss/data/User/workspaceStorage/-332d05a0/vscode.lock': The lock does not look stale, elapsed: 352 ms, giving up.
2025-02-27 12:31:44.244 [error] Error: EEXIST: file already exists, open '/home/mihir_patnaik/.codeoss/data/User/workspaceStorage/-332d05a0-1/vscode.lock'
2025-02-27 12:31:44.266 [info] Lock '/home/mihir_patnaik/.codeoss/data/User/workspaceStorage/-332d05a0-1/vscode.lock': Could not acquire lock, checking if the file is stale.
2025-02-27 12:31:44.267 [info] Lock '/home/mihir_patnaik/.codeoss/data/User/workspaceStorage/-332d05a0-1/vscode.lock': The pid 5942 appears to be gone.
2025-02-27 12:31:44.267 [info] Lock '/home/mihir_patnaik/.codeoss/data/User/workspaceStorage/-332d05a0-1/vscode.lock': Deleting a stale lock.
2025-02-27 12:31:44.277 [info] Lock '/home/mihir_patnaik/.codeoss/data/User/workspaceStorage/-332d05a0-1/vscode.lock': Lock acquired.
2025-02-27 12:31:44.603 [info] ExtensionService#_doActivateExtension vscode.emmet, startup: false, activationEvent: 'onLanguage'
2025-02-27 12:31:44.604 [info] ExtensionService#_doActivateExtension vscode.typescript-language-features, startup: false, activationEvent: 'onLanguage:typescriptreact'
2025-02-27 12:31:44.944 [info] ExtensionService#_doActivateExtension vscode.git-base, startup: true, activationEvent: '*', root cause: vscode.git
2025-02-27 12:31:44.953 [info] ExtensionService#_doActivateExtension vscode.npm, startup: true, activationEvent: 'workspaceContains:package.json'
2025-02-27 12:31:45.605 [info] ExtensionService#_doActivateExtension vscode.git, startup: true, activationEvent: '*'
2025-02-27 12:31:45.609 [info] ExtensionService#_doActivateExtension vscode.github, startup: true, activationEvent: '*'
2025-02-27 12:31:51.948 [info] Not activating extension 'redhat.fabric8-analytics': Timed out while searching for 'workspaceContains' pattern **/package.json,**/pom.xml,**/go.mod,**/requirements.txt,**/build.gradle,**/Dockerfile,**/Containerfile
2025-02-27 12:31:51.948 [info] Not activating extension 'redhat.java': Timed out while searching for 'workspaceContains' pattern */pom.xml,*/build.gradle,*/settings.gradle,*/build.gradle.kts,*/settings.gradle.kts,*/.classpath
2025-02-27 12:31:51.948 [info] Not activating extension 'vscjava.vscode-java-dependency': Timed out while searching for 'workspaceContains' pattern */pom.xml,*/build.gradle,*/settings.gradle,*/build.gradle.kts,*/settings.gradle.kts,*/.classpath
2025-02-27 12:31:51.948 [info] Not activating extension 'vscjava.vscode-java-test': Timed out while searching for 'workspaceContains' pattern */pom.xml,*/build.gradle,*/settings.gradle,*/build.gradle.kts,*/settings.gradle.kts,*/.classpath
2025-02-27 12:31:51.948 [info] Not activating extension 'vscjava.vscode-maven': Timed out while searching for 'workspaceContains' pattern **/pom.xml
2025-02-27 12:31:52.102 [info] Eager extensions activated
2025-02-27 12:31:52.103 [info] ExtensionService#_doActivateExtension EditorConfig.EditorConfig, startup: false, activationEvent: 'onStartupFinished'
2025-02-27 12:31:52.103 [info] ExtensionService#_doActivateExtension google.cloud-shell, startup: false, activationEvent: 'onStartupFinished'
2025-02-27 12:31:52.103 [info] ExtensionService#_doActivateExtension google.geminicodeassist, startup: false, activationEvent: 'onStartupFinished', root cause: googlecloudtools.cloudcode
2025-02-27 12:31:52.104 [info] ExtensionService#_doActivateExtension vscode.debug-auto-launch, startup: false, activationEvent: 'onStartupFinished'
2025-02-27 12:31:52.105 [info] ExtensionService#_doActivateExtension vscode.merge-conflict, startup: false, activationEvent: 'onStartupFinished'
2025-02-27 12:31:53.558 [info] ExtensionService#_doActivateExtension googlecloudtools.cloudcode, startup: false, activationEvent: 'onStartupFinished'
2025-02-27 12:31:55.591 [info] ExtensionService#_doActivateExtension vscode.configuration-editing, startup: false, activationEvent: 'onLanguage:jsonc'
2025-02-27 12:31:55.591 [info] ExtensionService#_doActivateExtension vscode.json-language-features, startup: false, activationEvent: 'onLanguage:jsonc'
2025-02-27 12:31:56.827 [info] ExtensionService#_doActivateExtension vscode.extension-editing, startup: false, activationEvent: 'onLanguage:json'
2025-02-27 13:43:38.389 [info] Extension host terminating: renderer disconnected for too long (2)
2025-02-27 13:43:38.390 [info] Lock '/home/mihir_patnaik/.codeoss/data/User/workspaceStorage/-332d05a0-1/vscode.lock': Marking the lockfile as scheduled to be released in 6000 ms.
2025-02-27 13:43:38.417 [info] Extension host with pid 9134 exiting with code 0
