Initializing document watcher...
Document watcher initialized
mihir_patnaik/src/pages/BusinessAutomationPage.tsx: {}
mihir_patnaik/src/pages/BusinessAutomationPage.tsx: {}
mihir_patnaik/src/pages/BusinessAutomationPage.tsx: {}
mihir_patnaik/src/pages/BusinessAutomationPage.tsx: {}
mihir_patnaik/src/pages/BusinessAutomationPage.tsx: {}
mihir_patnaik/src/pages/BusinessAutomationPage.tsx: {}
mihir_patnaik/src/pages/BusinessAutomationPage.tsx: {}
mihir_patnaik/src/pages/BusinessAutomationPage.tsx: {}
mihir_patnaik/src/pages/HomePage.tsx: {}
mihir_patnaik/src/pages/HomePage.tsx: {}
mihir_patnaik/src/pages/HomePage.tsx: {}
mihir_patnaik/src/pages/HomePage.tsx: {}
mihir_patnaik/src/pages/ContactPage.tsx: {}
mihir_patnaik/src/pages/ContactPage.tsx: {}
mihir_patnaik/src/pages/ContactPage.tsx: {}
mihir_patnaik/src/pages/AboutPage.tsx: {}
mihir_patnaik/src/pages/AboutPage.tsx: {}
mihir_patnaik/src/pages/AboutPage.tsx: {}
mihir_patnaik/src/pages/AIDataLabelingPage.tsx: {}
mihir_patnaik/src/pages/AIDataLabelingPage.tsx: {}
mihir_patnaik/src/pages/AIDataLabelingPage.tsx: {}
mihir_patnaik/src/pages/B2BLeadGenerationPage.tsx: {}
mihir_patnaik/src/pages/B2BLeadGenerationPage.tsx: {}
mihir_patnaik/src/pages/B2BLeadGenerationPage.tsx: {}
mihir_patnaik/src/pages/BlogPage.tsx: {}
mihir_patnaik/src/pages/BlogPage.tsx: {}
mihir_patnaik/src/pages/BlogPage.tsx: {}
mihir_patnaik/src/pages/BusinessAutomationPage.tsx: {}
mihir_patnaik/src/pages/BusinessAutomationPage.tsx: {}
mihir_patnaik/src/pages/BusinessAutomationPage.tsx: {}
mihir_patnaik/src/pages/PricingPage.tsx: {}
mihir_patnaik/src/pages/PricingPage.tsx: {}
mihir_patnaik/src/pages/PricingPage.tsx: {}
mihir_patnaik/src/pages/ServicesPage.tsx: {}
mihir_patnaik/src/pages/ServicesPage.tsx: {}
mihir_patnaik/src/pages/ServicesPage.tsx: {}
mihir_patnaik/src/components/Navbar.tsx: {}
mihir_patnaik/src/components/Navbar.tsx: {}
mihir_patnaik/src/components/Navbar.tsx: {}
mihir_patnaik/src/components/Navbar.tsx: {}
mihir_patnaik/src/components/Footer.tsx: {}
mihir_patnaik/src/components/Footer.tsx: {}
mihir_patnaik/src/components/Footer.tsx: {}
mihir_patnaik/src/App.tsx: {}
mihir_patnaik/src/App.tsx: {}
mihir_patnaik/src/App.tsx: {}
mihir_patnaik/src/index.css: {}
mihir_patnaik/src/index.css: {}
mihir_patnaik/src/index.css: {}
mihir_patnaik/src/index.css: {}
mihir_patnaik/src/main.tsx: {}
mihir_patnaik/src/main.tsx: {}
mihir_patnaik/src/main.tsx: {}
mihir_patnaik/package.json: {}
mihir_patnaik/package.json: {}
mihir_patnaik/package.json: {}
mihir_patnaik/postcss.config.js: {}
mihir_patnaik/postcss.config.js: {}
mihir_patnaik/postcss.config.js: {}
mihir_patnaik/tailwind.config.js: {}
mihir_patnaik/tailwind.config.js: {}
mihir_patnaik/tailwind.config.js: {}
mihir_patnaik/tailwind.config.js: {}
mihir_patnaik/tsconfig.json: {}
mihir_patnaik/tsconfig.json: {}
mihir_patnaik/tsconfig.json: {}
mihir_patnaik/tsconfig.json: {}
mihir_patnaik/tsconfig.json: {}
mihir_patnaik/vite.config.js: {}
mihir_patnaik/vite.config.js: {}
mihir_patnaik/vite.config.js: {}
mihir_patnaik/vite.config.js: {}
mihir_patnaik/vite.config.js: {}
mihir_patnaik/vite.config.ts: {}
mihir_patnaik/vite.config.ts: {}
mihir_patnaik/vite.config.ts: {}
mihir_patnaik/vite.config.ts: {}
mihir_patnaik/vite.config.ts: {}
mihir_patnaik/tailwind.config.js: {}
mihir_patnaik/tailwind.config.js: {}
mihir_patnaik/tailwind.config.js: Using EditorConfig core...
mihir_patnaik/tailwind.config.js: Using EditorConfig core...
mihir_patnaik/tailwind.config.js: {}
mihir_patnaik/src/pages/BusinessAutomationPage.tsx: {}
mihir_patnaik/src/pages/BlogPage.tsx: {}
mihir_patnaik/src/pages/BlogPage.tsx: {}
mihir_patnaik/src/pages/BlogPage.tsx: {}
mihir_patnaik/src/pages/BlogPage.tsx: {}
mihir_patnaik/src/pages/BlogPage.tsx: {}
mihir_patnaik/src/pages/BlogPage.tsx: {}
mihir_patnaik/src/pages/BlogPage.tsx: {}
mihir_patnaik/src/pages/BlogPage.tsx: {}
mihir_patnaik/src/pages/BlogPage.tsx: {}
mihir_patnaik/src/pages/BlogPage.tsx: {}
mihir_patnaik/src/pages/BlogPage.tsx: Using EditorConfig core...
mihir_patnaik/src/pages/BlogPage.tsx: {}
mihir_patnaik/src/pages/BlogPage.tsx: Using EditorConfig core...
mihir_patnaik/src/pages/BlogPage.tsx: Using EditorConfig core...
mihir_patnaik/src/pages/BlogPage.tsx: {}
mihir_patnaik/src/pages/BlogPage.tsx: {}
mihir_patnaik/src/pages/BlogPage.tsx: {}
mihir_patnaik/src/pages/BlogPage.tsx: Using EditorConfig core...
mihir_patnaik/src/pages/BlogPage.tsx: Using EditorConfig core...
mihir_patnaik/src/pages/BlogPage.tsx: Using EditorConfig core...
mihir_patnaik/src/pages/BlogPage.tsx: Using EditorConfig core...
mihir_patnaik/src/pages/BlogPage.tsx: {}
mihir_patnaik/src/pages/BlogPage.tsx: {}
mihir_patnaik/src/pages/BlogPage.tsx: {}
mihir_patnaik/src/pages/BlogPage.tsx: Using EditorConfig core...
mihir_patnaik/src/pages/BlogPage.tsx: Using EditorConfig core...
mihir_patnaik/src/pages/BlogPage.tsx: {}
mihir_patnaik/src/pages/BlogPage.tsx: Using EditorConfig core...
mihir_patnaik/src/pages/BlogPage.tsx: Using EditorConfig core...
mihir_patnaik/src/pages/BlogPage.tsx: {}
mihir_patnaik/src/pages/BlogPage.tsx: {}
mihir_patnaik/src/pages/BlogPage.tsx: {}
mihir_patnaik/src/pages/BlogPage.tsx: {}
mihir_patnaik/src/pages/BlogPage.tsx: {}
mihir_patnaik/src/pages/BlogPage.tsx: {}
mihir_patnaik/src/pages/BlogPage.tsx: {}
mihir_patnaik/src/pages/BlogPage.tsx: {}
mihir_patnaik/src/pages/BlogPage.tsx: {}
mihir_patnaik/src/pages/BlogPage.tsx: Using EditorConfig core...
mihir_patnaik/src/pages/BlogPage.tsx: Using EditorConfig core...
mihir_patnaik/src/pages/BlogPage.tsx: Using EditorConfig core...
mihir_patnaik/src/pages/BlogPage.tsx: Using EditorConfig core...
mihir_patnaik/src/pages/BlogPage.tsx: Using EditorConfig core...
mihir_patnaik/src/pages/BlogPage.tsx: Using EditorConfig core...
mihir_patnaik/src/pages/BlogPage.tsx: Using EditorConfig core...
mihir_patnaik/src/pages/BlogPage.tsx: {}
mihir_patnaik/src/pages/PricingPage.tsx: {}
mihir_patnaik/src/pages/PricingPage.tsx: {}
mihir_patnaik/src/pages/PricingPage.tsx: {}
mihir_patnaik/src/pages/PricingPage.tsx: {}
mihir_patnaik/src/pages/PricingPage.tsx: {}
mihir_patnaik/src/pages/PricingPage.tsx: {}
mihir_patnaik/src/pages/PricingPage.tsx: {}
mihir_patnaik/src/pages/PricingPage.tsx: {}
mihir_patnaik/src/pages/PricingPage.tsx: Using EditorConfig core...
mihir_patnaik/src/pages/PricingPage.tsx: Using EditorConfig core...
mihir_patnaik/src/pages/PricingPage.tsx: Using EditorConfig core...
mihir_patnaik/src/pages/PricingPage.tsx: Using EditorConfig core...
mihir_patnaik/src/pages/PricingPage.tsx: Using EditorConfig core...
mihir_patnaik/src/pages/PricingPage.tsx: Using EditorConfig core...
mihir_patnaik/src/pages/PricingPage.tsx: Using EditorConfig core...
mihir_patnaik/src/pages/PricingPage.tsx: Using EditorConfig core...
mihir_patnaik/src/pages/PricingPage.tsx: {}
mihir_patnaik/src/pages/PricingPage.tsx: {}
mihir_patnaik/src/pages/PricingPage.tsx: {}
mihir_patnaik/src/pages/PricingPage.tsx: {}
mihir_patnaik/src/pages/PricingPage.tsx: {}
mihir_patnaik/src/pages/PricingPage.tsx: {}
mihir_patnaik/src/pages/PricingPage.tsx: Using EditorConfig core...
mihir_patnaik/src/pages/PricingPage.tsx: Using EditorConfig core...
mihir_patnaik/src/pages/PricingPage.tsx: Using EditorConfig core...
mihir_patnaik/src/pages/PricingPage.tsx: Using EditorConfig core...
mihir_patnaik/src/pages/PricingPage.tsx: Using EditorConfig core...
mihir_patnaik/src/pages/PricingPage.tsx: Using EditorConfig core...
mihir_patnaik/src/pages/PricingPage.tsx: {}
mihir_patnaik/src/pages/PricingPage.tsx: {}
mihir_patnaik/src/pages/PricingPage.tsx: {}
mihir_patnaik/src/pages/PricingPage.tsx: {}
mihir_patnaik/src/pages/PricingPage.tsx: {}
mihir_patnaik/src/pages/PricingPage.tsx: {}
mihir_patnaik/src/pages/PricingPage.tsx: Using EditorConfig core...
mihir_patnaik/src/pages/PricingPage.tsx: Using EditorConfig core...
mihir_patnaik/src/pages/PricingPage.tsx: Using EditorConfig core...
mihir_patnaik/src/pages/PricingPage.tsx: Using EditorConfig core...
mihir_patnaik/src/pages/PricingPage.tsx: Using EditorConfig core...
mihir_patnaik/src/pages/PricingPage.tsx: Using EditorConfig core...
mihir_patnaik/src/pages/PricingPage.tsx: Using EditorConfig core...
mihir_patnaik/src/pages/PricingPage.tsx: Using EditorConfig core...
mihir_patnaik/src/pages/PricingPage.tsx: {}
mihir_patnaik/src/pages/PricingPage.tsx: {}
mihir_patnaik/src/pages/PricingPage.tsx: {}
mihir_patnaik/src/pages/PricingPage.tsx: {}
mihir_patnaik/src/pages/PricingPage.tsx: Using EditorConfig core...
mihir_patnaik/src/pages/PricingPage.tsx: Using EditorConfig core...
mihir_patnaik/src/pages/PricingPage.tsx: Using EditorConfig core...
mihir_patnaik/src/pages/PricingPage.tsx: Using EditorConfig core...
mihir_patnaik/src/pages/PricingPage.tsx: Using EditorConfig core...
mihir_patnaik/src/pages/PricingPage.tsx: Using EditorConfig core...
mihir_patnaik/src/pages/PricingPage.tsx: Using EditorConfig core...
mihir_patnaik/src/pages/PricingPage.tsx: Using EditorConfig core...
mihir_patnaik/src/pages/PricingPage.tsx: Using EditorConfig core...
mihir_patnaik/src/pages/PricingPage.tsx: Using EditorConfig core...
mihir_patnaik/src/pages/PricingPage.tsx: {}
mihir_patnaik/src/pages/PricingPage.tsx: Using EditorConfig core...
mihir_patnaik/src/pages/PricingPage.tsx: {}
mihir_patnaik/src/pages/PricingPage.tsx: Using EditorConfig core...
mihir_patnaik/src/pages/PricingPage.tsx: {}
mihir_patnaik/src/pages/PricingPage.tsx: {}
mihir_patnaik/src/pages/PricingPage.tsx: {}
mihir_patnaik/src/pages/PricingPage.tsx: Using EditorConfig core...
mihir_patnaik/src/pages/PricingPage.tsx: {}
mihir_patnaik/src/pages/PricingPage.tsx: {}
mihir_patnaik/src/pages/PricingPage.tsx: {}
mihir_patnaik/src/pages/PricingPage.tsx: {}
mihir_patnaik/src/pages/PricingPage.tsx: Using EditorConfig core...
mihir_patnaik/src/pages/PricingPage.tsx: Using EditorConfig core...
mihir_patnaik/src/pages/PricingPage.tsx: Using EditorConfig core...
mihir_patnaik/src/pages/PricingPage.tsx: Using EditorConfig core...
mihir_patnaik/src/pages/PricingPage.tsx: Using EditorConfig core...
mihir_patnaik/src/pages/PricingPage.tsx: {}
mihir_patnaik/src/pages/PricingPage.tsx: {}
mihir_patnaik/src/pages/PricingPage.tsx: {}
mihir_patnaik/src/pages/PricingPage.tsx: Using EditorConfig core...
mihir_patnaik/src/pages/PricingPage.tsx: Using EditorConfig core...
mihir_patnaik/src/pages/PricingPage.tsx: Using EditorConfig core...
mihir_patnaik/src/pages/PricingPage.tsx: Using EditorConfig core...
mihir_patnaik/src/pages/PricingPage.tsx: Using EditorConfig core...
mihir_patnaik/src/pages/PricingPage.tsx: Using EditorConfig core...
mihir_patnaik/src/pages/PricingPage.tsx: {}
mihir_patnaik/src/pages/PricingPage.tsx: {}
mihir_patnaik/src/pages/PricingPage.tsx: {}
mihir_patnaik/src/pages/PricingPage.tsx: {}
mihir_patnaik/src/pages/PricingPage.tsx: {}
mihir_patnaik/src/pages/PricingPage.tsx: Using EditorConfig core...
mihir_patnaik/src/pages/PricingPage.tsx: Using EditorConfig core...
mihir_patnaik/src/pages/PricingPage.tsx: {}
mihir_patnaik/src/pages/BlogPage.tsx: {}
mihir_patnaik/src/pages/BlogPage.tsx: Using EditorConfig core...
mihir_patnaik/src/pages/BlogPage.tsx: Using EditorConfig core...
mihir_patnaik/src/pages/BlogPage.tsx: {}
mihir_patnaik/src/pages/BlogPage.tsx: {}
mihir_patnaik/src/pages/BlogPage.tsx: {}
mihir_patnaik/src/pages/PricingPage.tsx: {}
mihir_patnaik/src/pages/BusinessAutomationPage.tsx: {}
mihir_patnaik/src/pages/AboutPage.tsx: {}
mihir_patnaik/src/pages/AboutPage.tsx: {}
mihir_patnaik/src/pages/AboutPage.tsx: {}
mihir_patnaik/src/pages/AboutPage.tsx: {}
mihir_patnaik/src/pages/ContactPage.tsx: {}
mihir_patnaik/src/pages/ContactPage.tsx: {}
mihir_patnaik/src/pages/ContactPage.tsx: Using EditorConfig core...
mihir_patnaik/src/pages/ContactPage.tsx: {}
mihir_patnaik/src/pages/ContactPage.tsx: Using EditorConfig core...
mihir_patnaik/src/pages/ContactPage.tsx: {}
mihir_patnaik/src/pages/ContactPage.tsx: {}
mihir_patnaik/src/pages/ContactPage.tsx: {}
mihir_patnaik/src/pages/ContactPage.tsx: Using EditorConfig core...
mihir_patnaik/src/pages/ContactPage.tsx: {}
mihir_patnaik/src/pages/BusinessAutomationPage.tsx: {}
mihir_patnaik/src/App.tsx: {}
mihir_patnaik/src/App.tsx: {}
mihir_patnaik/src/App.tsx: {}
mihir_patnaik/src/App.tsx: Using EditorConfig core...
mihir_patnaik/src/App.tsx: Using EditorConfig core...
mihir_patnaik/src/App.tsx: {}
mihir_patnaik/tailwind.config.js: {}
mihir_patnaik/tailwind.config.js: Using EditorConfig core...
mihir_patnaik/tailwind.config.js: {}
mihir_patnaik/tailwind.config.js: Using EditorConfig core...
mihir_patnaik/tailwind.config.js: Using EditorConfig core...
mihir_patnaik/tailwind.config.js: {}
mihir_patnaik/src/App.tsx: {}
mihir_patnaik/src/components/Navbar.tsx: {}
mihir_patnaik/src/App.tsx: {}
mihir_patnaik/src/components/Navbar.tsx: {}
mihir_patnaik/src/components/Navbar.tsx: {}
mihir_patnaik/src/components/Navbar.tsx: Using EditorConfig core...
mihir_patnaik/src/components/Navbar.tsx: {}
mihir_patnaik/src/components/Navbar.tsx: Using EditorConfig core...
mihir_patnaik/src/pages/BusinessAutomationPage.tsx: {}
mihir_patnaik/src/pages/ServicesPage.tsx: {}
mihir_patnaik/src/pages/ServicesPage.tsx: Using EditorConfig core...
mihir_patnaik/src/pages/ServicesPage.tsx: {}
mihir_patnaik/src/components/Footer.tsx: {}
mihir_patnaik/src/components/Footer.tsx: Using EditorConfig core...
mihir_patnaik/src/components/Footer.tsx: {}
mihir_patnaik/src/pages/ServicesPage.tsx: {}
mihir_patnaik/src/pages/BusinessAutomationPage.tsx: {}
mihir_patnaik/src/pages/AIDataLabelingPage.tsx: {}
mihir_patnaik/src/pages/HomePage.tsx: {}
mihir_patnaik/src/components/Footer.tsx: {}
mihir_patnaik/src/components/Footer.tsx: {}
mihir_patnaik/package.json: {}
mihir_patnaik/package.json: {}
mihir_patnaik/package.json: Using EditorConfig core...
mihir_patnaik/package.json: {}
mihir_patnaik/src/pages/AboutPage.tsx: {}
mihir_patnaik/src/pages/AboutPage.tsx: Using EditorConfig core...
mihir_patnaik/src/pages/AboutPage.tsx: {}
mihir_patnaik/src/pages/AboutPage.tsx: {}
mihir_patnaik/src/pages/AboutPage.tsx: {}
mihir_patnaik/src/pages/AboutPage.tsx: Using EditorConfig core...
No more open editors.
No more open editors.
mihir_patnaik/src/pages/AIDataLabelingPage.tsx: {}
mihir_patnaik/src/pages/AIDataLabelingPage.tsx: Using EditorConfig core...
mihir_patnaik/src/pages/AIDataLabelingPage.tsx: Using EditorConfig core...
mihir_patnaik/src/pages/AIDataLabelingPage.tsx: Using EditorConfig core...
mihir_patnaik/src/pages/AIDataLabelingPage.tsx: {}
mihir_patnaik/src/pages/AIDataLabelingPage.tsx: Using EditorConfig core...
mihir_patnaik/src/pages/AIDataLabelingPage.tsx: Using EditorConfig core...
mihir_patnaik/src/pages/AIDataLabelingPage.tsx: Using EditorConfig core...
mihir_patnaik/src/pages/AIDataLabelingPage.tsx: Using EditorConfig core...
mihir_patnaik/src/pages/AIDataLabelingPage.tsx: {}
mihir_patnaik/src/pages/AIDataLabelingPage.tsx: Using EditorConfig core...
mihir_patnaik/src/pages/AIDataLabelingPage.tsx: {}
mihir_patnaik/src/pages/B2BLeadGenerationPage.tsx: {}
mihir_patnaik/src/pages/B2BLeadGenerationPage.tsx: Using EditorConfig core...
mihir_patnaik/src/pages/B2BLeadGenerationPage.tsx: {}
mihir_patnaik/src/pages/B2BLeadGenerationPage.tsx: {}
mihir_patnaik/src/pages/B2BLeadGenerationPage.tsx: {}
mihir_patnaik/src/pages/B2BLeadGenerationPage.tsx: {}
mihir_patnaik/src/pages/B2BLeadGenerationPage.tsx: {}
mihir_patnaik/src/pages/B2BLeadGenerationPage.tsx: {}
mihir_patnaik/src/pages/BusinessAutomationPage.tsx: {}
mihir_patnaik/src/pages/BusinessAutomationPage.tsx: {}
mihir_patnaik/src/pages/BusinessAutomationPage.tsx: {}
mihir_patnaik/src/pages/BusinessAutomationPage.tsx: {}
mihir_patnaik/src/pages/BusinessAutomationPage.tsx: {}
mihir_patnaik/src/pages/BusinessAutomationPage.tsx: Using EditorConfig core...
mihir_patnaik/src/pages/BusinessAutomationPage.tsx: {}
mihir_patnaik/src/pages/B2BLeadGenerationPage.tsx: {}
mihir_patnaik/src/pages/BusinessAutomationPage.tsx: {}
mihir_patnaik/src/pages/B2BLeadGenerationPage.tsx: {}
mihir_patnaik/src/pages/BusinessAutomationPage.tsx: {}
mihir_patnaik/src/pages/BusinessAutomationPage.tsx: Using EditorConfig core...
mihir_patnaik/src/pages/BusinessAutomationPage.tsx: Using EditorConfig core...
mihir_patnaik/src/pages/BusinessAutomationPage.tsx: {}
mihir_patnaik/src/pages/BusinessAutomationPage.tsx: {}
mihir_patnaik/src/pages/BusinessAutomationPage.tsx: {}
mihir_patnaik/src/pages/BusinessAutomationPage.tsx: Using EditorConfig core...
mihir_patnaik/src/pages/BusinessAutomationPage.tsx: {}
mihir_patnaik/src/pages/BusinessAutomationPage.tsx: Using EditorConfig core...
mihir_patnaik/src/pages/BusinessAutomationPage.tsx: {}
mihir_patnaik/src/pages/BusinessAutomationPage.tsx: Using EditorConfig core...
mihir_patnaik/src/pages/BusinessAutomationPage.tsx: {}
mihir_patnaik/src/pages/BusinessAutomationPage.tsx: Using EditorConfig core...
mihir_patnaik/src/pages/BusinessAutomationPage.tsx: {}
mihir_patnaik/src/pages/BusinessAutomationPage.tsx: Using EditorConfig core...
mihir_patnaik/src/pages/BusinessAutomationPage.tsx: {}
mihir_patnaik/src/pages/BusinessAutomationPage.tsx: Using EditorConfig core...
mihir_patnaik/src/pages/BusinessAutomationPage.tsx: {}
mihir_patnaik/src/pages/BusinessAutomationPage.tsx: Using EditorConfig core...
mihir_patnaik/src/pages/BusinessAutomationPage.tsx: {}
mihir_patnaik/src/pages/B2BLeadGenerationPage.tsx: {}
mihir_patnaik/src/pages/B2BLeadGenerationPage.tsx: {}
mihir_patnaik/src/pages/B2BLeadGenerationPage.tsx: {}
mihir_patnaik/src/pages/BusinessAutomationPage.tsx: {}
mihir_patnaik/src/pages/B2BLeadGenerationPage.tsx: {}
mihir_patnaik/src/pages/BusinessAutomationPage.tsx: {}
mihir_patnaik/src/pages/B2BLeadGenerationPage.tsx: {}
mihir_patnaik/src/pages/BusinessAutomationPage.tsx: {}
mihir_patnaik/src/pages/B2BLeadGenerationPage.tsx: {}
mihir_patnaik/src/pages/BusinessAutomationPage.tsx: {}
mihir_patnaik/src/pages/BusinessAutomationPage.tsx: Using EditorConfig core...
mihir_patnaik/src/pages/BusinessAutomationPage.tsx: Using EditorConfig core...
mihir_patnaik/src/pages/BusinessAutomationPage.tsx: Using EditorConfig core...
mihir_patnaik/src/pages/BusinessAutomationPage.tsx: {}
mihir_patnaik/src/pages/BusinessAutomationPage.tsx: Using EditorConfig core...
mihir_patnaik/src/pages/BusinessAutomationPage.tsx: Using EditorConfig core...
mihir_patnaik/src/pages/BusinessAutomationPage.tsx: Using EditorConfig core...
mihir_patnaik/src/pages/BusinessAutomationPage.tsx: Using EditorConfig core...
mihir_patnaik/src/pages/BusinessAutomationPage.tsx: {}
mihir_patnaik/src/pages/B2BLeadGenerationPage.tsx: {}
mihir_patnaik/src/pages/BusinessAutomationPage.tsx: {}
mihir_patnaik/src/pages/B2BLeadGenerationPage.tsx: {}
mihir_patnaik/src/pages/BusinessAutomationPage.tsx: {}
mihir_patnaik/src/pages/B2BLeadGenerationPage.tsx: {}
mihir_patnaik/src/pages/BusinessAutomationPage.tsx: {}
mihir_patnaik/src/pages/B2BLeadGenerationPage.tsx: {}
mihir_patnaik/src/pages/BusinessAutomationPage.tsx: {}
mihir_patnaik/src/pages/BusinessAutomationPage.tsx: {}
mihir_patnaik/src/pages/BusinessAutomationPage.tsx: {}
mihir_patnaik/src/pages/B2BLeadGenerationPage.tsx: {}
mihir_patnaik/src/pages/BusinessAutomationPage.tsx: {}
mihir_patnaik/src/pages/BusinessAutomationPage.tsx: Using EditorConfig core...
mihir_patnaik/src/pages/BusinessAutomationPage.tsx: Using EditorConfig core...
mihir_patnaik/src/pages/BusinessAutomationPage.tsx: {}
mihir_patnaik/src/pages/BusinessAutomationPage.tsx: Using EditorConfig core...
mihir_patnaik/src/pages/BusinessAutomationPage.tsx: Using EditorConfig core...
mihir_patnaik/src/pages/BusinessAutomationPage.tsx: Using EditorConfig core...
mihir_patnaik/src/pages/BusinessAutomationPage.tsx: {}
mihir_patnaik/src/pages/BusinessAutomationPage.tsx: Using EditorConfig core...
mihir_patnaik/src/pages/BusinessAutomationPage.tsx: Using EditorConfig core...
mihir_patnaik/src/pages/BusinessAutomationPage.tsx: {}
mihir_patnaik/src/pages/BusinessAutomationPage.tsx: Using EditorConfig core...
mihir_patnaik/src/pages/BusinessAutomationPage.tsx: {}
mihir_patnaik/src/pages/BusinessAutomationPage.tsx: {}
mihir_patnaik/src/pages/BusinessAutomationPage.tsx: {}
mihir_patnaik/src/pages/BusinessAutomationPage.tsx: {}
mihir_patnaik/src/pages/BusinessAutomationPage.tsx: Using EditorConfig core...
mihir_patnaik/src/pages/BusinessAutomationPage.tsx: {}
mihir_patnaik/src/pages/BusinessAutomationPage.tsx: Using EditorConfig core...
mihir_patnaik/src/pages/BusinessAutomationPage.tsx: Using EditorConfig core...
mihir_patnaik/src/pages/BusinessAutomationPage.tsx: {}
mihir_patnaik/src/pages/BusinessAutomationPage.tsx: Using EditorConfig core...
mihir_patnaik/src/pages/BusinessAutomationPage.tsx: {}
mihir_patnaik/src/pages/BusinessAutomationPage.tsx: {}
mihir_patnaik/src/pages/BusinessAutomationPage.tsx: {}
mihir_patnaik/src/pages/BusinessAutomationPage.tsx: Using EditorConfig core...
mihir_patnaik/src/pages/BusinessAutomationPage.tsx: Using EditorConfig core...
mihir_patnaik/src/pages/BusinessAutomationPage.tsx: {}
mihir_patnaik/src/pages/BusinessAutomationPage.tsx: Using EditorConfig core...
mihir_patnaik/src/pages/BusinessAutomationPage.tsx: Using EditorConfig core...
mihir_patnaik/src/pages/BusinessAutomationPage.tsx: Using EditorConfig core...
mihir_patnaik/src/pages/BusinessAutomationPage.tsx: {}
mihir_patnaik/src/pages/BusinessAutomationPage.tsx: {}
mihir_patnaik/src/pages/HomePage.tsx: {}
mihir_patnaik/src/pages/HomePage.tsx: {}
mihir_patnaik/src/pages/AIDataLabelingPage.tsx: {}
mihir_patnaik/src/pages/AIDataLabelingPage.tsx: Using EditorConfig core...
mihir_patnaik/src/pages/HomePage.tsx: {}
mihir_patnaik/src/pages/AIDataLabelingPage.tsx: {}
mihir_patnaik/src/pages/AIDataLabelingPage.tsx: {}
mihir_patnaik/src/pages/AIDataLabelingPage.tsx: Using EditorConfig core...
mihir_patnaik/src/pages/AIDataLabelingPage.tsx: Using EditorConfig core...
mihir_patnaik/src/pages/AIDataLabelingPage.tsx: Using EditorConfig core...
mihir_patnaik/src/pages/AIDataLabelingPage.tsx: {}
mihir_patnaik/src/pages/HomePage.tsx: {}
mihir_patnaik/src/pages/HomePage.tsx: {}
mihir_patnaik/src/pages/HomePage.tsx: {}
mihir_patnaik/src/pages/AIDataLabelingPage.tsx: {}
mihir_patnaik/src/pages/AIDataLabelingPage.tsx: {}
mihir_patnaik/src/pages/AIDataLabelingPage.tsx: {}
mihir_patnaik/src/pages/AIDataLabelingPage.tsx: Using EditorConfig core...
mihir_patnaik/src/pages/AIDataLabelingPage.tsx: {}
mihir_patnaik/src/pages/AIDataLabelingPage.tsx: Using EditorConfig core...
mihir_patnaik/src/pages/AIDataLabelingPage.tsx: Using EditorConfig core...
mihir_patnaik/src/pages/AIDataLabelingPage.tsx: {}
mihir_patnaik/src/pages/AIDataLabelingPage.tsx: Using EditorConfig core...
mihir_patnaik/src/pages/AIDataLabelingPage.tsx: Using EditorConfig core...
mihir_patnaik/src/pages/AIDataLabelingPage.tsx: {}
mihir_patnaik/src/pages/AIDataLabelingPage.tsx: Using EditorConfig core...
mihir_patnaik/src/pages/AIDataLabelingPage.tsx: {}
mihir_patnaik/src/pages/AIDataLabelingPage.tsx: Using EditorConfig core...
mihir_patnaik/src/pages/AIDataLabelingPage.tsx: {}
mihir_patnaik/src/pages/AIDataLabelingPage.tsx: Using EditorConfig core...
mihir_patnaik/src/pages/AIDataLabelingPage.tsx: {}
mihir_patnaik/src/pages/AIDataLabelingPage.tsx: Using EditorConfig core...
mihir_patnaik/src/pages/AIDataLabelingPage.tsx: Using EditorConfig core...
mihir_patnaik/src/pages/AIDataLabelingPage.tsx: {}
mihir_patnaik/src/pages/AIDataLabelingPage.tsx: Using EditorConfig core...
mihir_patnaik/src/pages/AIDataLabelingPage.tsx: {}
mihir_patnaik/src/pages/AIDataLabelingPage.tsx: Using EditorConfig core...
mihir_patnaik/src/pages/AIDataLabelingPage.tsx: {}
mihir_patnaik/src/pages/AIDataLabelingPage.tsx: Using EditorConfig core...
mihir_patnaik/src/pages/AIDataLabelingPage.tsx: {}
mihir_patnaik/src/pages/AIDataLabelingPage.tsx: Using EditorConfig core...
mihir_patnaik/src/pages/AIDataLabelingPage.tsx: {}
mihir_patnaik/src/pages/AIDataLabelingPage.tsx: Using EditorConfig core...
mihir_patnaik/src/pages/AIDataLabelingPage.tsx: {}
mihir_patnaik/src/pages/HomePage.tsx: {}
mihir_patnaik/src/pages/HomePage.tsx: {}
mihir_patnaik/src/pages/HomePage.tsx: {}
mihir_patnaik/src/pages/AIDataLabelingPage.tsx: {}
mihir_patnaik/src/pages/HomePage.tsx: {}
mihir_patnaik/src/pages/AIDataLabelingPage.tsx: {}
mihir_patnaik/src/pages/AIDataLabelingPage.tsx: {}
mihir_patnaik/src/pages/B2BLeadGenerationPage.tsx: {}
mihir_patnaik/src/pages/B2BLeadGenerationPage.tsx: Using EditorConfig core...
mihir_patnaik/src/pages/B2BLeadGenerationPage.tsx: {}
mihir_patnaik/src/pages/B2BLeadGenerationPage.tsx: Using EditorConfig core...
mihir_patnaik/src/pages/B2BLeadGenerationPage.tsx: {}
mihir_patnaik/src/pages/B2BLeadGenerationPage.tsx: Using EditorConfig core...
mihir_patnaik/src/pages/B2BLeadGenerationPage.tsx: {}
mihir_patnaik/src/pages/B2BLeadGenerationPage.tsx: Using EditorConfig core...
mihir_patnaik/src/pages/B2BLeadGenerationPage.tsx: {}
mihir_patnaik/src/pages/B2BLeadGenerationPage.tsx: Using EditorConfig core...
mihir_patnaik/src/pages/B2BLeadGenerationPage.tsx: {}
mihir_patnaik/src/pages/B2BLeadGenerationPage.tsx: Using EditorConfig core...
mihir_patnaik/src/pages/B2BLeadGenerationPage.tsx: Using EditorConfig core...
mihir_patnaik/src/pages/B2BLeadGenerationPage.tsx: {}
mihir_patnaik/src/pages/BusinessAutomationPage.tsx: {}
mihir_patnaik/src/pages/BusinessAutomationPage.tsx: Using EditorConfig core...
mihir_patnaik/src/pages/BusinessAutomationPage.tsx: Using EditorConfig core...
mihir_patnaik/src/pages/BusinessAutomationPage.tsx: {}
mihir_patnaik/src/pages/BusinessAutomationPage.tsx: {}
mihir_patnaik/src/pages/BusinessAutomationPage.tsx: Using EditorConfig core...
mihir_patnaik/src/pages/BusinessAutomationPage.tsx: {}
mihir_patnaik/src/pages/BusinessAutomationPage.tsx: {}
mihir_patnaik/src/pages/HomePage.tsx: {}
mihir_patnaik/src/pages/HomePage.tsx: {}
mihir_patnaik/src/pages/HomePage.tsx: {}
mihir_patnaik/src/pages/HomePage.tsx: {}
mihir_patnaik/src/pages/HomePage.tsx: {}
mihir_patnaik/src/pages/HomePage.tsx: {}
mihir_patnaik/src/components/Footer.tsx: {}
mihir_patnaik/src/components/Footer.tsx: Using EditorConfig core...
mihir_patnaik/src/components/Footer.tsx: {}
mihir_patnaik/src/components/Footer.tsx: {}
mihir_patnaik/src/pages/AboutPage.tsx: {}
mihir_patnaik/src/pages/AboutPage.tsx: {}
mihir_patnaik/src/pages/AboutPage.tsx: {}
mihir_patnaik/src/pages/AboutPage.tsx: {}
mihir_patnaik/src/pages/AboutPage.tsx: {}
mihir_patnaik/src/pages/AboutPage.tsx: {}
mihir_patnaik/src/pages/AboutPage.tsx: {}
mihir_patnaik/src/pages/AboutPage.tsx: {}
mihir_patnaik/src/pages/AboutPage.tsx: {}
mihir_patnaik/src/pages/AboutPage.tsx: {}
mihir_patnaik/src/pages/AboutPage.tsx: {}
mihir_patnaik/src/pages/AboutPage.tsx: {}
mihir_patnaik/src/pages/AboutPage.tsx: {}
mihir_patnaik/src/pages/AboutPage.tsx: {}
mihir_patnaik/src/pages/AboutPage.tsx: {}
mihir_patnaik/src/pages/AboutPage.tsx: {}
mihir_patnaik/src/pages/AboutPage.tsx: Using EditorConfig core...
mihir_patnaik/src/pages/AboutPage.tsx: Using EditorConfig core...
mihir_patnaik/src/pages/AboutPage.tsx: Using EditorConfig core...
mihir_patnaik/src/pages/AboutPage.tsx: Using EditorConfig core...
mihir_patnaik/src/pages/AboutPage.tsx: Using EditorConfig core...
mihir_patnaik/src/pages/AboutPage.tsx: {}
mihir_patnaik/src/pages/AboutPage.tsx: Using EditorConfig core...
mihir_patnaik/src/pages/AboutPage.tsx: Using EditorConfig core...
mihir_patnaik/src/pages/AboutPage.tsx: Using EditorConfig core...
mihir_patnaik/src/pages/AboutPage.tsx: Using EditorConfig core...
mihir_patnaik/src/pages/AboutPage.tsx: Using EditorConfig core...
mihir_patnaik/src/pages/AboutPage.tsx: Using EditorConfig core...
mihir_patnaik/src/pages/AboutPage.tsx: Using EditorConfig core...
mihir_patnaik/src/pages/AboutPage.tsx: Using EditorConfig core...
mihir_patnaik/src/pages/AboutPage.tsx: {}
mihir_patnaik/src/pages/AboutPage.tsx: Using EditorConfig core...
mihir_patnaik/src/pages/AboutPage.tsx: {}
mihir_patnaik/src/pages/AboutPage.tsx: Using EditorConfig core...
mihir_patnaik/src/pages/AboutPage.tsx: Using EditorConfig core...
mihir_patnaik/src/pages/AboutPage.tsx: Using EditorConfig core...
mihir_patnaik/src/pages/AboutPage.tsx: Using EditorConfig core...
mihir_patnaik/src/pages/AboutPage.tsx: Using EditorConfig core...
mihir_patnaik/src/pages/AboutPage.tsx: Using EditorConfig core...
mihir_patnaik/src/pages/AboutPage.tsx: {}
mihir_patnaik/src/pages/AboutPage.tsx: {}
mihir_patnaik/src/pages/AboutPage.tsx: {}
mihir_patnaik/src/pages/ContactPage.tsx: {}
mihir_patnaik/src/pages/ContactPage.tsx: {}
mihir_patnaik/src/pages/ContactPage.tsx: {}
mihir_patnaik/src/pages/ContactPage.tsx: {}
mihir_patnaik/src/pages/ContactPage.tsx: {}
mihir_patnaik/src/pages/ContactPage.tsx: {}
mihir_patnaik/src/pages/ContactPage.tsx: Using EditorConfig core...
mihir_patnaik/src/pages/ContactPage.tsx: {}
mihir_patnaik/src/pages/ContactPage.tsx: Using EditorConfig core...
mihir_patnaik/src/pages/ContactPage.tsx: {}
mihir_patnaik/src/pages/ContactPage.tsx: Using EditorConfig core...
mihir_patnaik/src/pages/ContactPage.tsx: {}
mihir_patnaik/src/pages/ContactPage.tsx: Using EditorConfig core...
mihir_patnaik/src/pages/ContactPage.tsx: {}
mihir_patnaik/src/pages/ContactPage.tsx: Using EditorConfig core...
mihir_patnaik/src/pages/ContactPage.tsx: {}
mihir_patnaik/src/pages/ContactPage.tsx: Using EditorConfig core...
mihir_patnaik/src/pages/AboutPage.tsx: {}
mihir_patnaik/src/pages/AboutPage.tsx: {}
mihir_patnaik/src/pages/AboutPage.tsx: Using EditorConfig core...
mihir_patnaik/src/components/Footer.tsx: {}
mihir_patnaik/src/components/Footer.tsx: Using EditorConfig core...
mihir_patnaik/src/pages/BusinessAutomationPage.tsx: {}
mihir_patnaik/src/pages/BusinessAutomationPage.tsx: {}
mihir_patnaik/src/pages/BusinessAutomationPage.tsx: {}
mihir_patnaik/src/pages/BusinessAutomationPage.tsx: {}
mihir_patnaik/src/pages/GoogleCloudAI.tsx: {}
mihir_patnaik/src/pages/GoogleCloudAI.tsx: {}
mihir_patnaik/src/pages/GoogleCloudAI.tsx: Using EditorConfig core...
mihir_patnaik/src/pages/GoogleCloudAI.tsx: Using EditorConfig core...
mihir_patnaik/src/pages/GoogleCloudAI.tsx: {}
mihir_patnaik/src/App.tsx: {}
mihir_patnaik/src/App.tsx: {}
mihir_patnaik/src/App.tsx: {}
mihir_patnaik/src/App.tsx: Using EditorConfig core...
mihir_patnaik/src/App.tsx: {}
mihir_patnaik/src/output.css: {}
mihir_patnaik/src/components/Navbar.tsx: {}
mihir_patnaik/src/components/Navbar.tsx: Using EditorConfig core...
mihir_patnaik/src/components/Navbar.tsx: {}
mihir_patnaik/src/pages/ServicesPage.tsx: {}
mihir_patnaik/src/pages/ServicesPage.tsx: Using EditorConfig core...
mihir_patnaik/src/pages/ServicesPage.tsx: {}
mihir_patnaik/src/components/Navbar.tsx: {}
mihir_patnaik/src/App.tsx: {}
mihir_patnaik/src/pages/GoogleCloudAI.tsx: {}
mihir_patnaik/src/pages/BusinessAutomationPage.tsx: {}
mihir_patnaik/src/pages/B2BLeadGenerationPage.tsx: {}
mihir_patnaik/src/pages/AIDataLabelingPage.tsx: {}
No more open editors.
No more open editors.
mihir_patnaik/src/components/Navbar.tsx: {}
mihir_patnaik/src/components/Navbar.tsx: Using EditorConfig core...
mihir_patnaik/src/components/Navbar.tsx: {}
mihir_patnaik/src/components/Navbar.tsx: {}
mihir_patnaik/src/components/Navbar.tsx: Using EditorConfig core...
mihir_patnaik/src/pages/HomePage.tsx: {}
mihir_patnaik/src/pages/HomePage.tsx: Using EditorConfig core...
mihir_patnaik/src/pages/HomePage.tsx: {}
mihir_patnaik/src/pages/HomePage.tsx: {}
mihir_patnaik/src/pages/HomePage.tsx: {}
mihir_patnaik/src/pages/HomePage.tsx: {}
mihir_patnaik/src/pages/HomePage.tsx: Using EditorConfig core...
mihir_patnaik/src/pages/HomePage.tsx: Using EditorConfig core...
mihir_patnaik/src/pages/HomePage.tsx: Using EditorConfig core...
mihir_patnaik/src/pages/HomePage.tsx: {}
mihir_patnaik/src/pages/HomePage.tsx: {}
mihir_patnaik/src/pages/HomePage.tsx: {}
mihir_patnaik/src/pages/HomePage.tsx: {}
mihir_patnaik/src/pages/HomePage.tsx: {}
mihir_patnaik/src/pages/HomePage.tsx: Using EditorConfig core...
mihir_patnaik/src/pages/HomePage.tsx: {}
mihir_patnaik/src/pages/HomePage.tsx: {}
mihir_patnaik/src/App.tsx: {}
mihir_patnaik/src/App.tsx: {}
mihir_patnaik/src/App.tsx: {}
mihir_patnaik/src/pages/HomePage.tsx: {}
mihir_patnaik/src/pages/HomePage.tsx: Using EditorConfig core...
mihir_patnaik/src/pages/HomePage.tsx: {}
mihir_patnaik/src/pages/HomePage.tsx: {}
mihir_patnaik/src/pages/HomePage.tsx: Using EditorConfig core...
mihir_patnaik/src/pages/HomePage.tsx: Using EditorConfig core...
mihir_patnaik/src/pages/HomePage.tsx: {}
mihir_patnaik/src/pages/HomePage.tsx: {}
mihir_patnaik/src/App.tsx: {}
mihir_patnaik/src/pages/GoogleCloudAI.tsx: {}
mihir_patnaik/src/pages/GoogleCloudAI.tsx: {}
mihir_patnaik/src/pages/GoogleCloudAI.tsx: {}
mihir_patnaik/src/pages/GoogleCloudAI.tsx: Using EditorConfig core...
mihir_patnaik/src/pages/GoogleCloudAI.tsx: {}
mihir_patnaik/src/pages/GoogleCloudAI.tsx: {}
mihir_patnaik/src/pages/GoogleCloudAI.tsx: Using EditorConfig core...
mihir_patnaik/src/pages/GoogleCloudAI.tsx: Using EditorConfig core...
mihir_patnaik/src/pages/GoogleCloudAI.tsx: {}
mihir_patnaik/src/pages/GoogleCloudAI.tsx: Using EditorConfig core...
mihir_patnaik/src/pages/GoogleCloudAI.tsx: {}
mihir_patnaik/src/pages/BusinessAutomationPage.tsx: {}
mihir_patnaik/src/pages/GoogleCloudAI.tsx: {}
mihir_patnaik/src/pages/GoogleCloudAI.tsx: Using EditorConfig core...
mihir_patnaik/src/pages/GoogleCloudAI.tsx: {}
mihir_patnaik/src/pages/GoogleCloudAI.tsx: Using EditorConfig core...
mihir_patnaik/src/pages/GoogleCloudAI.tsx: Using EditorConfig core...
mihir_patnaik/src/pages/GoogleCloudAI.tsx: {}
mihir_patnaik/src/pages/GoogleCloudAI.tsx: {}
mihir_patnaik/src/pages/GoogleCloudAI.tsx: {}
mihir_patnaik/src/pages/BusinessAutomationPage.tsx: {}
mihir_patnaik/src/pages/GoogleCloudAI.tsx: {}
mihir_patnaik/src/pages/BusinessAutomationPage.tsx: {}
mihir_patnaik/src/pages/GoogleCloudAI.tsx: {}
mihir_patnaik/src/pages/BusinessAutomationPage.tsx: {}
mihir_patnaik/src/pages/GoogleCloudAI.tsx: {}
mihir_patnaik/src/pages/GoogleCloudAI.tsx: Using EditorConfig core...
mihir_patnaik/src/pages/GoogleCloudAI.tsx: {}
mihir_patnaik/src/pages/GoogleCloudAI.tsx: Using EditorConfig core...
