2025-02-25 08:06:27.972 [info] [main] Log level: Info
2025-02-25 08:06:27.972 [info] [main] Validating found git in: "git"
2025-02-25 08:06:27.972 [info] [main] Using git "2.43.0" from "git"
2025-02-25 08:06:27.972 [info] [Model][doInitialScan] Initial repository scan started
2025-02-25 08:06:27.972 [info] > git rev-parse --show-toplevel [1181ms]
2025-02-25 08:06:27.972 [info] fatal: not a git repository (or any parent up to mount point /)
Stopping at filesystem boundary (GIT_DISCOVERY_ACROSS_FILESYSTEM not set).
2025-02-25 08:06:27.972 [info] > git rev-parse --show-toplevel [3ms]
2025-02-25 08:06:27.972 [info] fatal: not a git repository (or any parent up to mount point /)
Stopping at filesystem boundary (GIT_DISCOVERY_ACROSS_FILESYSTEM not set).
2025-02-25 08:06:27.974 [info] > git rev-parse --show-toplevel [2ms]
2025-02-25 08:06:27.974 [info] fatal: not a git repository (or any parent up to mount point /)
Stopping at filesystem boundary (GIT_DISCOVERY_ACROSS_FILESYSTEM not set).
2025-02-25 08:06:27.979 [info] > git rev-parse --show-toplevel [2ms]
2025-02-25 08:06:27.979 [info] fatal: not a git repository (or any parent up to mount point /)
Stopping at filesystem boundary (GIT_DISCOVERY_ACROSS_FILESYSTEM not set).
2025-02-25 08:06:27.984 [info] > git rev-parse --show-toplevel [2ms]
2025-02-25 08:06:27.984 [info] fatal: not a git repository (or any parent up to mount point /)
Stopping at filesystem boundary (GIT_DISCOVERY_ACROSS_FILESYSTEM not set).
2025-02-25 08:06:27.989 [info] > git rev-parse --show-toplevel [1ms]
2025-02-25 08:06:27.989 [info] fatal: not a git repository (or any parent up to mount point /)
Stopping at filesystem boundary (GIT_DISCOVERY_ACROSS_FILESYSTEM not set).
2025-02-25 08:06:27.995 [info] > git rev-parse --show-toplevel [2ms]
2025-02-25 08:06:27.995 [info] fatal: not a git repository (or any parent up to mount point /)
Stopping at filesystem boundary (GIT_DISCOVERY_ACROSS_FILESYSTEM not set).
2025-02-25 08:06:28.000 [info] > git rev-parse --show-toplevel [2ms]
2025-02-25 08:06:28.000 [info] fatal: not a git repository (or any parent up to mount point /)
Stopping at filesystem boundary (GIT_DISCOVERY_ACROSS_FILESYSTEM not set).
2025-02-25 08:06:28.001 [info] [Model][doInitialScan] Initial repository scan completed - repositories (0), closed repositories (0), parent repositories (0), unsafe repositories (0)
2025-02-25 08:52:06.704 [info] > git rev-parse --show-toplevel [2ms]
2025-02-25 08:52:06.704 [info] fatal: not a git repository (or any parent up to mount point /)
Stopping at filesystem boundary (GIT_DISCOVERY_ACROSS_FILESYSTEM not set).
2025-02-25 08:53:02.250 [info] > git rev-parse --show-toplevel [1ms]
2025-02-25 08:53:02.250 [info] fatal: not a git repository (or any parent up to mount point /)
Stopping at filesystem boundary (GIT_DISCOVERY_ACROSS_FILESYSTEM not set).
