2025-02-26 15:13:28.980 [info] Extension host with pid 5942 started
2025-02-26 15:13:28.980 [error] Error: EEXIST: file already exists, open '/home/mihir_patnaik/.codeoss/data/User/workspaceStorage/-332d05a0/vscode.lock'
2025-02-26 15:13:28.993 [info] Lock '/home/mihir_patnaik/.codeoss/data/User/workspaceStorage/-332d05a0/vscode.lock': Could not acquire lock, checking if the file is stale.
2025-02-26 15:13:28.998 [info] Lock '/home/mihir_patnaik/.codeoss/data/User/workspaceStorage/-332d05a0/vscode.lock': The lock does not look stale, elapsed: 895 ms, giving up.
2025-02-26 15:13:28.999 [error] Error: EEXIST: file already exists, open '/home/mihir_patnaik/.codeoss/data/User/workspaceStorage/-332d05a0-1/vscode.lock'
2025-02-26 15:13:29.020 [info] Lock '/home/mihir_patnaik/.codeoss/data/User/workspaceStorage/-332d05a0-1/vscode.lock': Could not acquire lock, checking if the file is stale.
2025-02-26 15:13:29.021 [info] Lock '/home/mihir_patnaik/.codeoss/data/User/workspaceStorage/-332d05a0-1/vscode.lock': The pid 1713 appears to be gone.
2025-02-26 15:13:29.022 [info] Lock '/home/mihir_patnaik/.codeoss/data/User/workspaceStorage/-332d05a0-1/vscode.lock': Deleting a stale lock.
2025-02-26 15:13:29.028 [info] Lock '/home/mihir_patnaik/.codeoss/data/User/workspaceStorage/-332d05a0-1/vscode.lock': Lock acquired.
2025-02-26 15:13:29.143 [info] ExtensionService#_doActivateExtension vscode.emmet, startup: false, activationEvent: 'onLanguage'
2025-02-26 15:13:29.144 [info] ExtensionService#_doActivateExtension vscode.typescript-language-features, startup: false, activationEvent: 'onLanguage:typescriptreact'
2025-02-26 15:13:29.521 [info] ExtensionService#_doActivateExtension vscode.git-base, startup: true, activationEvent: '*', root cause: vscode.git
2025-02-26 15:13:29.535 [info] ExtensionService#_doActivateExtension vscode.npm, startup: true, activationEvent: 'workspaceContains:package.json'
2025-02-26 15:13:30.203 [info] ExtensionService#_doActivateExtension vscode.git, startup: true, activationEvent: '*'
2025-02-26 15:13:30.203 [info] ExtensionService#_doActivateExtension vscode.github, startup: true, activationEvent: '*'
2025-02-26 15:13:30.947 [info] ExtensionService#_doActivateExtension redhat.fabric8-analytics, startup: true, activationEvent: 'workspaceContains:**/package.json,**/pom.xml,**/go.mod,**/requirements.txt,**/build.gradle,**/Dockerfile,**/Containerfile'
2025-02-26 15:13:32.008 [info] Eager extensions activated
2025-02-26 15:13:32.011 [info] ExtensionService#_doActivateExtension EditorConfig.EditorConfig, startup: false, activationEvent: 'onStartupFinished'
2025-02-26 15:13:32.013 [info] ExtensionService#_doActivateExtension google.cloud-shell, startup: false, activationEvent: 'onStartupFinished'
2025-02-26 15:13:32.014 [info] ExtensionService#_doActivateExtension google.geminicodeassist, startup: false, activationEvent: 'onStartupFinished', root cause: googlecloudtools.cloudcode
2025-02-26 15:13:32.016 [info] ExtensionService#_doActivateExtension vscode.debug-auto-launch, startup: false, activationEvent: 'onStartupFinished'
2025-02-26 15:13:32.017 [info] ExtensionService#_doActivateExtension vscode.merge-conflict, startup: false, activationEvent: 'onStartupFinished'
2025-02-26 15:13:33.684 [info] ExtensionService#_doActivateExtension googlecloudtools.cloudcode, startup: false, activationEvent: 'onStartupFinished'
2025-02-26 15:13:36.206 [info] ExtensionService#_doActivateExtension vscode.configuration-editing, startup: false, activationEvent: 'onLanguage:jsonc'
2025-02-26 15:13:36.206 [info] ExtensionService#_doActivateExtension vscode.json-language-features, startup: false, activationEvent: 'onLanguage:jsonc'
2025-02-26 15:13:37.202 [info] ExtensionService#_doActivateExtension vscode.extension-editing, startup: false, activationEvent: 'onLanguage:json'
