2025-02-25 11:45:31.517 [info] [main] Log level: Info
2025-02-25 11:45:31.517 [info] [main] Validating found git in: "git"
2025-02-25 11:45:31.517 [info] [main] Using git "2.43.0" from "git"
2025-02-25 11:45:31.517 [info] [Model][doInitialScan] Initial repository scan started
2025-02-25 11:45:31.517 [info] > git rev-parse --show-toplevel [1316ms]
2025-02-25 11:45:31.517 [info] fatal: not a git repository (or any parent up to mount point /)
Stopping at filesystem boundary (GIT_DISCOVERY_ACROSS_FILESYSTEM not set).
2025-02-25 11:45:31.517 [info] > git rev-parse --show-toplevel [4ms]
2025-02-25 11:45:31.517 [info] fatal: not a git repository (or any parent up to mount point /)
Stopping at filesystem boundary (GIT_DISCOVERY_ACROSS_FILESYSTEM not set).
2025-02-25 11:45:31.524 [info] > git rev-parse --show-toplevel [1ms]
2025-02-25 11:45:31.524 [info] fatal: not a git repository (or any parent up to mount point /)
Stopping at filesystem boundary (GIT_DISCOVERY_ACROSS_FILESYSTEM not set).
2025-02-25 11:45:31.530 [info] > git rev-parse --show-toplevel [2ms]
2025-02-25 11:45:31.530 [info] fatal: not a git repository (or any parent up to mount point /)
Stopping at filesystem boundary (GIT_DISCOVERY_ACROSS_FILESYSTEM not set).
2025-02-25 11:45:31.537 [info] > git rev-parse --show-toplevel [2ms]
2025-02-25 11:45:31.537 [info] fatal: not a git repository (or any parent up to mount point /)
Stopping at filesystem boundary (GIT_DISCOVERY_ACROSS_FILESYSTEM not set).
2025-02-25 11:45:31.544 [info] > git rev-parse --show-toplevel [1ms]
2025-02-25 11:45:31.544 [info] fatal: not a git repository (or any parent up to mount point /)
Stopping at filesystem boundary (GIT_DISCOVERY_ACROSS_FILESYSTEM not set).
2025-02-25 11:45:31.550 [info] > git rev-parse --show-toplevel [2ms]
2025-02-25 11:45:31.550 [info] fatal: not a git repository (or any parent up to mount point /)
Stopping at filesystem boundary (GIT_DISCOVERY_ACROSS_FILESYSTEM not set).
2025-02-25 11:45:31.556 [info] > git rev-parse --show-toplevel [2ms]
2025-02-25 11:45:31.556 [info] fatal: not a git repository (or any parent up to mount point /)
Stopping at filesystem boundary (GIT_DISCOVERY_ACROSS_FILESYSTEM not set).
2025-02-25 11:45:31.557 [info] [Model][doInitialScan] Initial repository scan completed - repositories (0), closed repositories (0), parent repositories (0), unsafe repositories (0)
2025-02-25 11:45:33.945 [info] > git rev-parse --show-toplevel [2383ms]
2025-02-25 11:45:33.945 [info] fatal: not a git repository (or any parent up to mount point /)
Stopping at filesystem boundary (GIT_DISCOVERY_ACROSS_FILESYSTEM not set).
2025-02-25 11:45:33.956 [info] > git rev-parse --show-toplevel [2ms]
2025-02-25 11:45:33.956 [info] fatal: not a git repository (or any parent up to mount point /)
Stopping at filesystem boundary (GIT_DISCOVERY_ACROSS_FILESYSTEM not set).
2025-02-25 11:45:33.964 [info] > git rev-parse --show-toplevel [1ms]
2025-02-25 11:45:33.964 [info] fatal: not a git repository (or any parent up to mount point /)
Stopping at filesystem boundary (GIT_DISCOVERY_ACROSS_FILESYSTEM not set).
