Initializing document watcher...
Document watcher initialized
mihir_patnaik/src/pages/BusinessAutomationPage.tsx: {}
mihir_patnaik/src/pages/BusinessAutomationPage.tsx: {}
mihir_patnaik/src/pages/ContactPage.tsx: {}
mihir_patnaik/src/pages/ContactPage.tsx: {}
mihir_patnaik/src/pages/ContactPage.tsx: {}
mihir_patnaik/src/pages/ContactPage.tsx: Using EditorConfig core...
mihir_patnaik/src/pages/ContactPage.tsx: {}
mihir_patnaik/src/pages/ContactPage.tsx: Using EditorConfig core...
mihir_patnaik/src/pages/ContactPage.tsx: {}
mihir_patnaik/src/pages/ContactPage.tsx: {}
mihir_patnaik/src/pages/ContactPage.tsx: {}
mihir_patnaik/src/pages/ContactPage.tsx: {}
mihir_patnaik/src/pages/ContactPage.tsx: Using EditorConfig core...
mihir_patnaik/src/pages/ContactPage.tsx: {}
mihir_patnaik/src/pages/ContactPage.tsx: Using EditorConfig core...
mihir_patnaik/src/pages/ContactPage.tsx: {}
mihir_patnaik/src/pages/ContactPage.tsx: {}
mihir_patnaik/src/pages/ContactPage.tsx: Using EditorConfig core...
mihir_patnaik/src/pages/ContactPage.tsx: {}
mihir_patnaik/src/pages/ContactPage.tsx: Using EditorConfig core...
mihir_patnaik/src/pages/ContactPage.tsx: Using EditorConfig core...
mihir_patnaik/src/pages/ContactPage.tsx: {}
mihir_patnaik/src/pages/ContactPage.tsx: Using EditorConfig core...
mihir_patnaik/src/pages/ContactPage.tsx: {}
mihir_patnaik/src/pages/ContactPage.tsx: Using EditorConfig core...
mihir_patnaik/src/pages/ContactPage.tsx: {}
mihir_patnaik/src/pages/ContactPage.tsx: Using EditorConfig core...
mihir_patnaik/src/pages/ContactPage.tsx: {}
mihir_patnaik/src/pages/ContactPage.tsx: Using EditorConfig core...
mihir_patnaik/src/pages/ContactPage.tsx: Using EditorConfig core...
mihir_patnaik/src/pages/ContactPage.tsx: Using EditorConfig core...
mihir_patnaik/src/pages/ContactPage.tsx: {}
mihir_patnaik/src/pages/ContactPage.tsx: Using EditorConfig core...
mihir_patnaik/src/pages/ContactPage.tsx: Using EditorConfig core...
mihir_patnaik/src/pages/ContactPage.tsx: {}
mihir_patnaik/src/pages/ContactPage.tsx: {}
mihir_patnaik/src/pages/ContactPage.tsx: Using EditorConfig core...
mihir_patnaik/src/pages/ContactPage.tsx: {}
mihir_patnaik/src/pages/ContactPage.tsx: {}
mihir_patnaik/src/pages/ContactPage.tsx: Using EditorConfig core...
mihir_patnaik/src/pages/ContactPage.tsx: {}
mihir_patnaik/src/pages/ContactPage.tsx: Using EditorConfig core...
mihir_patnaik/src/pages/ContactPage.tsx: {}
mihir_patnaik/src/pages/ContactPage.tsx: {}
mihir_patnaik/src/pages/BusinessAutomationPage.tsx: {}
mihir_patnaik/src/pages/HomePage.tsx: {}
mihir_patnaik/src/pages/HomePage.tsx: {}
mihir_patnaik/src/pages/HomePage.tsx: {}
mihir_patnaik/src/components/Navbar.tsx: {}
mihir_patnaik/src/components/Navbar.tsx: Using EditorConfig core...
mihir_patnaik/src/components/Navbar.tsx: {}
mihir_patnaik/src/components/Navbar.tsx: Using EditorConfig core...
mihir_patnaik/src/components/Navbar.tsx: {}
mihir_patnaik/src/components/Navbar.tsx: {}
mihir_patnaik/src/pages/HomePage.tsx: {}
mihir_patnaik/src/pages/HomePage.tsx: Using EditorConfig core...
mihir_patnaik/src/pages/HomePage.tsx: {}
mihir_patnaik/src/pages/HomePage.tsx: {}
mihir_patnaik/src/components/Navbar.tsx: {}
mihir_patnaik/src/components/Navbar.tsx: {}
mihir_patnaik/src/pages/HomePage.tsx: {}
mihir_patnaik/src/pages/HomePage.tsx: {}
mihir_patnaik/src/pages/HomePage.tsx: {}
mihir_patnaik/src/pages/HomePage.tsx: {}
mihir_patnaik/src/pages/HomePage.tsx: {}
mihir_patnaik/src/pages/HomePage.tsx: Using EditorConfig core...
mihir_patnaik/src/pages/HomePage.tsx: {}
mihir_patnaik/src/pages/HomePage.tsx: Using EditorConfig core...
mihir_patnaik/src/pages/HomePage.tsx: {}
mihir_patnaik/src/pages/HomePage.tsx: Using EditorConfig core...
mihir_patnaik/src/pages/HomePage.tsx: {}
mihir_patnaik/src/pages/HomePage.tsx: {}
mihir_patnaik/src/pages/HomePage.tsx: {}
mihir_patnaik/src/pages/HomePage.tsx: {}
mihir_patnaik/src/pages/AIDataLabelingPage.tsx: {}
mihir_patnaik/src/pages/AIDataLabelingPage.tsx: {}
mihir_patnaik/src/pages/HomePage.tsx: {}
mihir_patnaik/src/pages/HomePage.tsx: {}
mihir_patnaik/src/pages/HomePage.tsx: {}
mihir_patnaik/src/pages/AIDataLabelingPage.tsx: {}
mihir_patnaik/src/pages/AIDataLabelingPage.tsx: {}
mihir_patnaik/src/pages/AIDataLabelingPage.tsx: {}
mihir_patnaik/src/pages/AIDataLabelingPage.tsx: {}
mihir_patnaik/src/pages/AIDataLabelingPage.tsx: {}
mihir_patnaik/src/pages/AIDataLabelingPage.tsx: {}
mihir_patnaik/src/pages/AIDataLabelingPage.tsx: {}
mihir_patnaik/src/pages/AIDataLabelingPage.tsx: {}
mihir_patnaik/src/pages/AIDataLabelingPage.tsx: {}
mihir_patnaik/src/pages/AIDataLabelingPage.tsx: Using EditorConfig core...
mihir_patnaik/src/pages/AIDataLabelingPage.tsx: {}
mihir_patnaik/src/pages/AIDataLabelingPage.tsx: Using EditorConfig core...
mihir_patnaik/src/pages/AIDataLabelingPage.tsx: {}
mihir_patnaik/src/pages/AIDataLabelingPage.tsx: {}
mihir_patnaik/src/pages/AIDataLabelingPage.tsx: {}
mihir_patnaik/src/pages/AIDataLabelingPage.tsx: {}
mihir_patnaik/src/pages/AIDataLabelingPage.tsx: {}
mihir_patnaik/src/pages/AIDataLabelingPage.tsx: {}
mihir_patnaik/src/pages/AIDataLabelingPage.tsx: Using EditorConfig core...
mihir_patnaik/src/pages/AIDataLabelingPage.tsx: {}
mihir_patnaik/src/pages/AIDataLabelingPage.tsx: Using EditorConfig core...
mihir_patnaik/src/pages/AIDataLabelingPage.tsx: {}
mihir_patnaik/src/pages/AIDataLabelingPage.tsx: {}
mihir_patnaik/src/pages/BusinessAutomationPage.tsx: {}
mihir_patnaik/src/pages/BusinessAutomationPage.tsx: {}
mihir_patnaik/src/pages/BusinessAutomationPage.tsx: {}
mihir_patnaik/src/pages/BusinessAutomationPage.tsx: {}
mihir_patnaik/src/pages/B2BLeadGenerationPage.tsx: {}
mihir_patnaik/src/pages/BusinessAutomationPage.tsx: {}
mihir_patnaik/src/pages/B2BLeadGenerationPage.tsx: {}
mihir_patnaik/src/pages/B2BLeadGenerationPage.tsx: {}
mihir_patnaik/src/pages/B2BLeadGenerationPage.tsx: {}
mihir_patnaik/src/pages/BusinessAutomationPage.tsx: {}
mihir_patnaik/src/pages/BusinessAutomationPage.tsx: {}
mihir_patnaik/src/pages/BusinessAutomationPage.tsx: {}
mihir_patnaik/src/pages/BusinessAutomationPage.tsx: Using EditorConfig core...
mihir_patnaik/src/pages/BusinessAutomationPage.tsx: {}
mihir_patnaik/src/pages/BusinessAutomationPage.tsx: {}
mihir_patnaik/src/pages/BusinessAutomationPage.tsx: Using EditorConfig core...
mihir_patnaik/src/pages/BusinessAutomationPage.tsx: Using EditorConfig core...
mihir_patnaik/src/pages/BusinessAutomationPage.tsx: {}
mihir_patnaik/src/pages/B2BLeadGenerationPage.tsx: {}
mihir_patnaik/src/pages/BusinessAutomationPage.tsx: {}
mihir_patnaik/src/pages/B2BLeadGenerationPage.tsx: {}
mihir_patnaik/src/pages/BusinessAutomationPage.tsx: {}
mihir_patnaik/src/pages/BusinessAutomationPage.tsx: Using EditorConfig core...
mihir_patnaik/src/pages/BusinessAutomationPage.tsx: {}
mihir_patnaik/src/pages/BusinessAutomationPage.tsx: Using EditorConfig core...
mihir_patnaik/src/pages/BusinessAutomationPage.tsx: {}
mihir_patnaik/src/pages/B2BLeadGenerationPage.tsx: {}
mihir_patnaik/src/pages/BusinessAutomationPage.tsx: {}
mihir_patnaik/src/pages/BusinessAutomationPage.tsx: {}
mihir_patnaik/src/pages/B2BLeadGenerationPage.tsx: {}
mihir_patnaik/src/pages/BusinessAutomationPage.tsx: {}
mihir_patnaik/src/pages/B2BLeadGenerationPage.tsx: {}
mihir_patnaik/src/pages/BusinessAutomationPage.tsx: {}
mihir_patnaik/src/pages/B2BLeadGenerationPage.tsx: {}
mihir_patnaik/src/pages/BusinessAutomationPage.tsx: {}
mihir_patnaik/src/pages/B2BLeadGenerationPage.tsx: {}
mihir_patnaik/src/pages/BusinessAutomationPage.tsx: {}
mihir_patnaik/src/pages/BusinessAutomationPage.tsx: Using EditorConfig core...
mihir_patnaik/src/pages/BusinessAutomationPage.tsx: Using EditorConfig core...
mihir_patnaik/src/pages/BusinessAutomationPage.tsx: Using EditorConfig core...
mihir_patnaik/src/pages/BusinessAutomationPage.tsx: Using EditorConfig core...
mihir_patnaik/src/pages/BusinessAutomationPage.tsx: {}
mihir_patnaik/src/pages/B2BLeadGenerationPage.tsx: {}
mihir_patnaik/src/pages/BusinessAutomationPage.tsx: {}
mihir_patnaik/src/pages/B2BLeadGenerationPage.tsx: {}
mihir_patnaik/src/pages/BusinessAutomationPage.tsx: {}
mihir_patnaik/src/pages/BusinessAutomationPage.tsx: Using EditorConfig core...
mihir_patnaik/src/pages/BusinessAutomationPage.tsx: Using EditorConfig core...
mihir_patnaik/src/pages/BusinessAutomationPage.tsx: Using EditorConfig core...
mihir_patnaik/src/pages/BusinessAutomationPage.tsx: Using EditorConfig core...
mihir_patnaik/src/pages/BusinessAutomationPage.tsx: Using EditorConfig core...
mihir_patnaik/src/pages/BusinessAutomationPage.tsx: Using EditorConfig core...
mihir_patnaik/src/pages/BusinessAutomationPage.tsx: {}
mihir_patnaik/src/pages/BusinessAutomationPage.tsx: Using EditorConfig core...
mihir_patnaik/src/pages/BusinessAutomationPage.tsx: {}
mihir_patnaik/src/pages/BusinessAutomationPage.tsx: Using EditorConfig core...
mihir_patnaik/src/pages/BusinessAutomationPage.tsx: Using EditorConfig core...
mihir_patnaik/src/pages/BusinessAutomationPage.tsx: {}
mihir_patnaik/src/pages/BusinessAutomationPage.tsx: Using EditorConfig core...
mihir_patnaik/src/pages/BusinessAutomationPage.tsx: {}
mihir_patnaik/src/pages/BusinessAutomationPage.tsx: Using EditorConfig core...
mihir_patnaik/src/pages/BusinessAutomationPage.tsx: Using EditorConfig core...
mihir_patnaik/src/pages/BusinessAutomationPage.tsx: Using EditorConfig core...
mihir_patnaik/src/pages/BusinessAutomationPage.tsx: Using EditorConfig core...
mihir_patnaik/src/pages/BusinessAutomationPage.tsx: {}
mihir_patnaik/src/pages/BusinessAutomationPage.tsx: {}
mihir_patnaik/src/pages/BusinessAutomationPage.tsx: {}
mihir_patnaik/src/pages/BusinessAutomationPage.tsx: {}
mihir_patnaik/src/pages/BusinessAutomationPage.tsx: {}
mihir_patnaik/src/pages/BusinessAutomationPage.tsx: {}
mihir_patnaik/src/pages/BusinessAutomationPage.tsx: {}
