Initializing document watcher...
Document watcher initialized
mihir_patnaik/src/pages/AIDataLabelingPage.tsx: {}
mihir_patnaik/src/pages/AIDataLabelingPage.tsx: {}
mihir_patnaik/src/pages/AIDataLabelingPage.tsx: {}
mihir_patnaik/src/pages/AIDataLabelingPage.tsx: {}
mihir_patnaik/src/pages/AIDataLabelingPage.tsx: {}
No more open editors.
No more open editors.
No more open editors.
mihir_patnaik/package.json: {}
mihir_patnaik/package.json: {}
mihir_patnaik/package.json: {}
mihir_patnaik/package.json: {}
mihir_patnaik/package.json: {}
mihir_patnaik/package.json: {}
mihir_patnaik/package.json: {}
mihir_patnaik/package.json: {}
mihir_patnaik/package.json: {}
No more open editors.
mihir_patnaik/package.json: {}
mihir_patnaik/package.json: {}
mihir_patnaik/src/pages/AIDataLabelingPage.tsx: {}
mihir_patnaik/package.json: {}
mihir_patnaik/src/pages/ContactPage.tsx: {}
mihir_patnaik/package.json: {}
mihir_patnaik/src/pages/AboutPage.tsx: {}
mihir_patnaik/package.json: {}
mihir_patnaik/src/pages/HomePage.tsx: {}
mihir_patnaik/package.json: {}
mihir_patnaik/package.json: {}
mihir_patnaik/package.json: {}
mihir_patnaik/package.json: {}
mihir_patnaik/package.json: {}
No more open editors.
No more open editors.
mihir_patnaik/package.json: {}
mihir_patnaik/package.json: {}
mihir_patnaik/package.json: {}
mihir_patnaik/package.json: {}
mihir_patnaik/package.json: {}
mihir_patnaik/package.json: {}
mihir_patnaik/package.json: {}
mihir_patnaik/package.json: {}
mihir_patnaik/package.json: {}
mihir_patnaik/package.json: {}
mihir_patnaik/package.json: {}
mihir_patnaik/package.json: {}
mihir_patnaik/package.json: Using EditorConfig core...
mihir_patnaik/package.json: Using EditorConfig core...
mihir_patnaik/package.json: Using EditorConfig core...
mihir_patnaik/package.json: {}
mihir_patnaik/tailwind.config.js: {}
mihir_patnaik/tailwind.config.js: {}
mihir_patnaik/tailwind.config.js: {}
mihir_patnaik/tailwind.config.js: {}
mihir_patnaik/tailwind.config.js: {}
mihir_patnaik/index.html: {}
mihir_patnaik/index.html: {}
mihir_patnaik/src/index.css: {}
mihir_patnaik/src/index.css: {}
mihir_patnaik/src/index.css: {}
mihir_patnaik/src/index.css: Using EditorConfig core...
mihir_patnaik/src/main.tsx: {}
mihir_patnaik/src/main.tsx: {}
mihir_patnaik/src/index.css: {}
mihir_patnaik/src/index.css: {}
mihir_patnaik/src/index.css: {}
mihir_patnaik/vite.config.js: {}
mihir_patnaik/vite.config.js: {}
mihir_patnaik/vite.config.js: {}
mihir_patnaik/vite.config.js: {}
mihir_patnaik/vite.config.ts: {}
mihir_patnaik/vite.config.ts: {}
mihir_patnaik/vite.config.ts: {}
mihir_patnaik/vite.config.ts: {}
mihir_patnaik/vite.config.ts: {}
mihir_patnaik/src/pages/ServicesPage.tsx: {}
mihir_patnaik/vite.config.ts: {}
mihir_patnaik/vite.config.ts: Using EditorConfig core...
mihir_patnaik/vite.config.ts: {}
mihir_patnaik/vite.config.ts: Using EditorConfig core...
mihir_patnaik/vite.config.ts: {}
mihir_patnaik/vite.config.ts: Using EditorConfig core...
mihir_patnaik/vite.config.ts: Using EditorConfig core...
mihir_patnaik/vite.config.ts: {}
