2025-02-27 12:31:46.237 [info] [main] Log level: Info
2025-02-27 12:31:46.239 [info] [main] Validating found git in: "git"
2025-02-27 12:31:46.239 [info] [main] Using git "2.43.0" from "git"
2025-02-27 12:31:46.240 [info] [Model][doInitialScan] Initial repository scan started
2025-02-27 12:31:46.240 [info] > git rev-parse --show-toplevel [3ms]
2025-02-27 12:31:46.242 [info] fatal: not a git repository (or any parent up to mount point /)
Stopping at filesystem boundary (GIT_DISCOVERY_ACROSS_FILESYSTEM not set).
2025-02-27 12:31:46.243 [info] > git rev-parse --show-toplevel [3ms]
2025-02-27 12:31:46.244 [info] fatal: not a git repository (or any parent up to mount point /)
Stopping at filesystem boundary (GIT_DISCOVERY_ACROSS_FILESYSTEM not set).
2025-02-27 12:31:46.244 [info] > git rev-parse --show-toplevel [10ms]
2025-02-27 12:31:46.244 [info] fatal: not a git repository (or any parent up to mount point /)
Stopping at filesystem boundary (GIT_DISCOVERY_ACROSS_FILESYSTEM not set).
2025-02-27 12:31:46.244 [info] > git rev-parse --show-toplevel [6ms]
2025-02-27 12:31:46.244 [info] fatal: not a git repository (or any parent up to mount point /)
Stopping at filesystem boundary (GIT_DISCOVERY_ACROSS_FILESYSTEM not set).
2025-02-27 12:31:46.244 [info] > git rev-parse --show-toplevel [14ms]
2025-02-27 12:31:46.244 [info] fatal: not a git repository (or any parent up to mount point /)
Stopping at filesystem boundary (GIT_DISCOVERY_ACROSS_FILESYSTEM not set).
2025-02-27 12:31:46.247 [info] > git rev-parse --show-toplevel [20ms]
2025-02-27 12:31:46.247 [info] fatal: not a git repository (or any parent up to mount point /)
Stopping at filesystem boundary (GIT_DISCOVERY_ACROSS_FILESYSTEM not set).
2025-02-27 12:31:46.256 [info] > git rev-parse --show-toplevel [2ms]
2025-02-27 12:31:46.257 [info] fatal: not a git repository (or any parent up to mount point /)
Stopping at filesystem boundary (GIT_DISCOVERY_ACROSS_FILESYSTEM not set).
2025-02-27 12:31:46.281 [info] > git rev-parse --show-toplevel [8ms]
2025-02-27 12:31:46.281 [info] fatal: not a git repository (or any parent up to mount point /)
Stopping at filesystem boundary (GIT_DISCOVERY_ACROSS_FILESYSTEM not set).
2025-02-27 12:31:46.289 [info] > git rev-parse --show-toplevel [1ms]
2025-02-27 12:31:46.290 [info] fatal: not a git repository (or any parent up to mount point /)
Stopping at filesystem boundary (GIT_DISCOVERY_ACROSS_FILESYSTEM not set).
2025-02-27 12:31:46.302 [info] > git rev-parse --show-toplevel [6ms]
2025-02-27 12:31:46.302 [info] fatal: not a git repository (or any parent up to mount point /)
Stopping at filesystem boundary (GIT_DISCOVERY_ACROSS_FILESYSTEM not set).
2025-02-27 12:31:46.315 [info] > git rev-parse --show-toplevel [0ms]
2025-02-27 12:31:46.315 [info] fatal: not a git repository (or any parent up to mount point /)
Stopping at filesystem boundary (GIT_DISCOVERY_ACROSS_FILESYSTEM not set).
2025-02-27 12:31:46.327 [info] > git rev-parse --show-toplevel [6ms]
2025-02-27 12:31:46.327 [info] fatal: not a git repository (or any parent up to mount point /)
Stopping at filesystem boundary (GIT_DISCOVERY_ACROSS_FILESYSTEM not set).
2025-02-27 12:31:46.338 [info] > git rev-parse --show-toplevel [2ms]
2025-02-27 12:31:46.338 [info] fatal: not a git repository (or any parent up to mount point /)
Stopping at filesystem boundary (GIT_DISCOVERY_ACROSS_FILESYSTEM not set).
2025-02-27 12:31:46.362 [info] > git rev-parse --show-toplevel [14ms]
2025-02-27 12:31:46.363 [info] fatal: not a git repository (or any parent up to mount point /)
Stopping at filesystem boundary (GIT_DISCOVERY_ACROSS_FILESYSTEM not set).
2025-02-27 12:31:46.371 [info] > git rev-parse --show-toplevel [2ms]
2025-02-27 12:31:46.371 [info] fatal: not a git repository (or any parent up to mount point /)
Stopping at filesystem boundary (GIT_DISCOVERY_ACROSS_FILESYSTEM not set).
2025-02-27 12:31:46.372 [info] [Model][doInitialScan] Initial repository scan completed - repositories (0), closed repositories (0), parent repositories (0), unsafe repositories (0)
2025-02-27 12:31:55.208 [info] > git rev-parse --show-toplevel [6ms]
2025-02-27 12:31:55.208 [info] fatal: not a git repository (or any parent up to mount point /)
Stopping at filesystem boundary (GIT_DISCOVERY_ACROSS_FILESYSTEM not set).
2025-02-27 12:31:57.423 [info] > git rev-parse --show-toplevel [1ms]
2025-02-27 12:31:57.423 [info] fatal: not a git repository (or any parent up to mount point /)
Stopping at filesystem boundary (GIT_DISCOVERY_ACROSS_FILESYSTEM not set).
